#
# There is insufficient memory for the Java Runtime Environment to continue.
# Native memory allocation (mmap) failed to map 130023424 bytes. Error detail: G1 virtual space
# Possible reasons:
#   The system is out of physical RAM or swap space
#   This process is running with CompressedOops enabled, and the Java Heap may be blocking the growth of the native heap
# Possible solutions:
#   Reduce memory load on the system
#   Increase physical memory or swap space
#   Check if swap backing store is full
#   Decrease Java heap size (-Xmx/-Xms)
#   Decrease number of Java threads
#   Decrease Java thread stack sizes (-Xss)
#   Set larger code cache with -XX:ReservedCodeCacheSize=
#   JVM is running with Unscaled Compressed Oops mode in which the Java heap is
#     placed in the first 4GB address space. The Java Heap base address is the
#     maximum limit for the native heap growth. Please use -XX:HeapBaseMinAddress
#     to set the Java Heap base and to place the Java Heap above 4GB virtual address.
# This output file may be truncated or incomplete.
#
#  Out of Memory Error (os_windows.cpp:3898), pid=3092, tid=4992
#
# JRE version:  (21.0.6+8) (build )
# Java VM: OpenJDK 64-Bit Server VM (21.0.6+8-b631.39, mixed mode, sharing, tiered, compressed oops, compressed class ptrs, g1 gc, windows-amd64)
# No core dump will be written. Minidumps are not enabled by default on client versions of Windows
#

---------------  S U M M A R Y ------------

Command Line: git4idea.http.GitAskPassApp Username for 'https://github.com': 

Host: 11th Gen Intel(R) Core(TM) i5-11300H @ 3.10GHz, 8 cores, 7G,  Windows 11 , 64 bit Build 26100 (10.0.26100.8328)
Time: Fri Jun 12 19:59:20 2026 Sri Lanka Standard Time elapsed time: 1.044961 seconds (0d 0h 0m 1s)

---------------  T H R E A D  ---------------

Current thread (0x0000021732668aa0):  JavaThread "Unknown thread" [_thread_in_vm, id=4992, stack(0x000000c9c5f00000,0x000000c9c6000000) (1024K)]

Stack: [0x000000c9c5f00000,0x000000c9c6000000]
Native frames: (J=compiled Java code, j=interpreted, Vv=VM code, C=native code)
V  [jvm.dll+0x6e5d39]
V  [jvm.dll+0x8c4133]
V  [jvm.dll+0x8c668e]
V  [jvm.dll+0x8c6d73]
V  [jvm.dll+0x288f76]
V  [jvm.dll+0x6e25f5]
V  [jvm.dll+0x6d60aa]
V  [jvm.dll+0x3635bb]
V  [jvm.dll+0x36b186]
V  [jvm.dll+0x3bd4b6]
V  [jvm.dll+0x3bd788]
V  [jvm.dll+0x335d2c]
V  [jvm.dll+0x336a1b]
V  [jvm.dll+0x88b589]
V  [jvm.dll+0x3ca688]
V  [jvm.dll+0x874698]
V  [jvm.dll+0x45f04e]
V  [jvm.dll+0x460d31]
C  [jli.dll+0x52ab]
C  [ucrtbase.dll+0x37b0]
C  [KERNEL32.DLL+0x2e957]
C  [ntdll.dll+0x427c]


---------------  P R O C E S S  ---------------

Threads class SMR info:
_java_thread_list=0x00007ffb175ca148, length=0, elements={
}

Java Threads: ( => current thread )
Total: 0

Other Threads:
  0x0000021734a02380 WorkerThread "GC Thread#0"                     [id=1004, stack(0x000000c9c6000000,0x000000c9c6100000) (1024K)]
  0x0000021734a138f0 ConcurrentGCThread "G1 Main Marker"            [id=14672, stack(0x000000c9c6100000,0x000000c9c6200000) (1024K)]
  0x0000021734a18230 WorkerThread "G1 Conc#0"                       [id=26876, stack(0x000000c9c6200000,0x000000c9c6300000) (1024K)]

[error occurred during error reporting (printing all threads), id 0xc0000005, EXCEPTION_ACCESS_VIOLATION (0xc0000005) at pc=0x00007ffb16cb8de7]
VM state: not at safepoint (not fully initialized)

VM Mutex/Monitor currently owned by a thread:  ([mutex/lock_event])
[0x00007ffb1763eb30] Heap_lock - owner thread: 0x0000021732668aa0

Heap address: 0x0000000084000000, size: 1984 MB, Compressed Oops mode: 32-bit

CDS archive(s) mapped at: [0x0000000000000000-0x0000000000000000-0x0000000000000000), size 0, SharedBaseAddress: 0x0000000800000000, ArchiveRelocationMode: 1.
Narrow klass base: 0x0000000000000000, Narrow klass shift: 0, Narrow klass range: 0x0

GC Precious Log:
 CardTable entry size: 512
 Card Set container configuration: InlinePtr #cards 5 size 8 Array Of Cards #cards 12 size 40 Howl #buckets 4 coarsen threshold 1843 Howl Bitmap #cards 512 size 80 coarsen threshold 460 Card regions per heap region 1 cards per card region 2048

Heap:
 garbage-first heap   total 0K, used 0K [0x0000000084000000, 0x0000000100000000)
  region size 1024K, 0 young (0K), 0 survivors (0K)
 Metaspace       used 0K, committed 0K, reserved 0K
  class space    used 0K, committed 0K, reserved 0K

Heap Regions: E=young(eden), S=young(survivor), O=old, HS=humongous(starts), HC=humongous(continues), CS=collection set, F=free, TAMS=top-at-mark-start, PB=parsable bottom

Card table byte_map: [0x0000021748050000,0x0000021748430000] _byte_map_base: 0x0000021747c30000

Marking Bits: (CMBitMap*) 0x0000021734a02990
 Bits: [0x0000021748430000, 0x000002174a330000)

GC Heap History (0 events):
No events

Dll operation events (1 events):
Event: 0.011 Loaded shared library C:\Program Files\JetBrains\IntelliJ IDEA 2024.3.4.1\jbr\bin\java.dll

Deoptimization events (0 events):
No events

Classes loaded (0 events):
No events

Classes unloaded (0 events):
No events

Classes redefined (0 events):
No events

Internal exceptions (0 events):
No events

ZGC Phase Switch (0 events):
No events

VM Operations (0 events):
No events

Memory protections (0 events):
No events

Nmethod flushes (0 events):
No events

Events (0 events):
No events


Dynamic libraries:
0x00007ff62ae70000 - 0x00007ff62ae7a000 	C:\Program Files\JetBrains\IntelliJ IDEA 2024.3.4.1\jbr\bin\java.exe
0x00007ffbfd800000 - 0x00007ffbfda67000 	C:\WINDOWS\SYSTEM32\ntdll.dll
0x00007ffbfb8f0000 - 0x00007ffbfb9b9000 	C:\WINDOWS\System32\KERNEL32.DLL
0x00007ffbfa230000 - 0x00007ffbfa627000 	C:\WINDOWS\System32\KERNELBASE.dll
0x00007ffbfb0a0000 - 0x00007ffbfb1eb000 	C:\WINDOWS\System32\ucrtbase.dll
0x00007ffbac8e0000 - 0x00007ffbac8f8000 	C:\Program Files\JetBrains\IntelliJ IDEA 2024.3.4.1\jbr\bin\jli.dll
0x00007ffbac900000 - 0x00007ffbac91b000 	C:\Program Files\JetBrains\IntelliJ IDEA 2024.3.4.1\jbr\bin\VCRUNTIME140.dll
0x00007ffbfb720000 - 0x00007ffbfb8e6000 	C:\WINDOWS\System32\USER32.dll
0x00007ffbfb2a0000 - 0x00007ffbfb2c7000 	C:\WINDOWS\System32\win32u.dll
0x00007ffbfc8a0000 - 0x00007ffbfc8cb000 	C:\WINDOWS\System32\GDI32.dll
0x00007ffbfb2d0000 - 0x00007ffbfb3fc000 	C:\WINDOWS\System32\gdi32full.dll
0x00007ffbfb1f0000 - 0x00007ffbfb293000 	C:\WINDOWS\System32\msvcp_win.dll
0x00007ffbdedc0000 - 0x00007ffbdf052000 	C:\WINDOWS\WinSxS\amd64_microsoft.windows.common-controls_6595b64144ccf1df_6.0.26100.8457_none_3e0b2faee331e92d\COMCTL32.dll
0x00007ffbfcd60000 - 0x00007ffbfce09000 	C:\WINDOWS\System32\msvcrt.dll
0x00007ffbfc5f0000 - 0x00007ffbfc622000 	C:\WINDOWS\System32\IMM32.DLL
0x00007ffbbfe10000 - 0x00007ffbbfe1c000 	C:\Program Files\JetBrains\IntelliJ IDEA 2024.3.4.1\jbr\bin\vcruntime140_1.dll
0x00007ffb71790000 - 0x00007ffb7181d000 	C:\Program Files\JetBrains\IntelliJ IDEA 2024.3.4.1\jbr\bin\msvcp140.dll
0x00007ffb16970000 - 0x00007ffb17731000 	C:\Program Files\JetBrains\IntelliJ IDEA 2024.3.4.1\jbr\bin\server\jvm.dll
0x00007ffbfc4c0000 - 0x00007ffbfc576000 	C:\WINDOWS\System32\ADVAPI32.dll
0x00007ffbfbac0000 - 0x00007ffbfbb67000 	C:\WINDOWS\System32\sechost.dll
0x00007ffbfd600000 - 0x00007ffbfd718000 	C:\WINDOWS\System32\RPCRT4.dll
0x00007ffbfd730000 - 0x00007ffbfd7b0000 	C:\WINDOWS\System32\WS2_32.dll
0x00007ffbfa090000 - 0x00007ffbfa0ee000 	C:\WINDOWS\SYSTEM32\POWRPROF.dll
0x00007ffbefb20000 - 0x00007ffbefb2b000 	C:\WINDOWS\SYSTEM32\VERSION.dll
0x00007ffbf2c10000 - 0x00007ffbf2c46000 	C:\WINDOWS\SYSTEM32\WINMM.dll
0x00007ffbfa070000 - 0x00007ffbfa084000 	C:\WINDOWS\SYSTEM32\UMPDC.dll
0x00007ffbf8fc0000 - 0x00007ffbf8fdb000 	C:\WINDOWS\SYSTEM32\kernel.appcore.dll
0x00007ffbad2e0000 - 0x00007ffbad2ea000 	C:\Program Files\JetBrains\IntelliJ IDEA 2024.3.4.1\jbr\bin\jimage.dll
0x00007ffbf83c0000 - 0x00007ffbf8602000 	C:\WINDOWS\SYSTEM32\DBGHELP.DLL
0x00007ffbfd110000 - 0x00007ffbfd493000 	C:\WINDOWS\System32\combase.dll
0x00007ffbfce20000 - 0x00007ffbfcef9000 	C:\WINDOWS\System32\OLEAUT32.dll
0x00007ffbf2bd0000 - 0x00007ffbf2c0b000 	C:\WINDOWS\SYSTEM32\dbgcore.DLL
0x00007ffbfa6f0000 - 0x00007ffbfa798000 	C:\WINDOWS\System32\bcryptPrimitives.dll
0x00007ffba7e50000 - 0x00007ffba7e70000 	C:\Program Files\JetBrains\IntelliJ IDEA 2024.3.4.1\jbr\bin\java.dll

dbghelp: loaded successfully - version: 4.0.5 - missing functions: none
symbol engine: initialized successfully - sym options: 0x614 - pdb path: .;C:\Program Files\JetBrains\IntelliJ IDEA 2024.3.4.1\jbr\bin;C:\WINDOWS\SYSTEM32;C:\WINDOWS\WinSxS\amd64_microsoft.windows.common-controls_6595b64144ccf1df_6.0.26100.8457_none_3e0b2faee331e92d;C:\Program Files\JetBrains\IntelliJ IDEA 2024.3.4.1\jbr\bin\server

VM Arguments:
java_command: git4idea.http.GitAskPassApp Username for 'https://github.com': 
java_class_path (initial): C:/Program Files/JetBrains/IntelliJ IDEA 2024.3.4.1/plugins/vcs-git/lib/git4idea-rt.jar;C:/Program Files/JetBrains/IntelliJ IDEA 2024.3.4.1/lib/externalProcess-rt.jar
Launcher Type: SUN_STANDARD

[Global flags]
     intx CICompilerCount                          = 4                                         {product} {ergonomic}
     uint ConcGCThreads                            = 2                                         {product} {ergonomic}
     uint G1ConcRefinementThreads                  = 8                                         {product} {ergonomic}
   size_t G1HeapRegionSize                         = 1048576                                   {product} {ergonomic}
    uintx GCDrainStackTargetSize                   = 64                                        {product} {ergonomic}
   size_t InitialHeapSize                          = 130023424                                 {product} {ergonomic}
   size_t MarkStackSize                            = 4194304                                   {product} {ergonomic}
   size_t MaxHeapSize                              = 2080374784                                {product} {ergonomic}
   size_t MinHeapDeltaBytes                        = 1048576                                   {product} {ergonomic}
   size_t MinHeapSize                              = 8388608                                   {product} {ergonomic}
    uintx NonNMethodCodeHeapSize                   = 5839372                                {pd product} {ergonomic}
    uintx NonProfiledCodeHeapSize                  = 122909434                              {pd product} {ergonomic}
    uintx ProfiledCodeHeapSize                     = 122909434                              {pd product} {ergonomic}
    uintx ReservedCodeCacheSize                    = 251658240                              {pd product} {ergonomic}
     bool SegmentedCodeCache                       = true                                      {product} {ergonomic}
   size_t SoftMaxHeapSize                          = 2080374784                             {manageable} {ergonomic}
     bool UseCompressedOops                        = true                           {product lp64_product} {ergonomic}
     bool UseG1GC                                  = true                                      {product} {ergonomic}
     bool UseLargePagesIndividualAllocation        = false                                  {pd product} {ergonomic}

Logging:
Log output configuration:
 #0: stdout all=warning uptime,level,tags foldmultilines=false
 #1: stderr all=off uptime,level,tags foldmultilines=false

Environment Variables:
PATH=C:\Program Files\Git\mingw64\libexec\git-core;C:\Program Files\Git\mingw64\libexec\git-core;C:\Program Files\Git\mingw64\bin;C:\Program Files\Git\usr\bin;C:\Users\DELL\bin;C:\app\DELL\product\21c\dbhomeXE\bin;C:\Program Files (x86)\NVIDIA Corporation\PhysX\Common;C:\Program Files\Java\jdk-23\bin;C:\Program Files\Common Files\Oracle\Java\javapath;C:\WINDOWS\system32;C:\WINDOWS;C:\WINDOWS\System32\Wbem;C:\WINDOWS\System32\WindowsPowerShell\v1.0;C:\WINDOWS\System32\OpenSSH;C:\Program Files\dotnet;C:\Program Files\Git\cmd;C:\Program Files (x86)\Windows Kits\10\Windows Performance Toolkit;C:\Program Files\Microsoft SQL Server\150\Tools\Binn;C:\Program Files\Microsoft SQL Server\Client SDK\ODBC\170\Tools\Binn;C:\Program Files (x86)\Microsoft SQL Server\160\Tools\Binn;C:\Program Files\Microsoft SQL Server\160\Tools\Binn;C:\Program Files\Microsoft SQL Server\160\DTS\Binn;C:\Program Files (x86)\Microsoft SQL Server\160\DTS\Binn;C:\Users\DELL\AppData\Local\nvm;C:\nvm4w\nodejs;C:\Program Files\Docker\Docker\resources\bin;C:\Program Files\Amazon\AWSCLIV2;C:\Users\DELL\AppData\Local\Programs\Python\Python313\Scripts;C:\Users\DELL\AppData\Local\Programs\Python\Python313;C:\Users\DELL\AppData\Local\Programs\Python\Python311;C:\Users\DELL\AppData\Local\Programs\Python\Python311\Scripts;C:\Program Files\heroku\bin;C:\Users\DELL\AppData\Local\Microsoft\WindowsApps;C:\Program Files\JetBrains\PyCharm Community Edition 2023.1.4\bin;C:\Users\DELL\AppData\Local\GitHubDesktop\bin;C:\Program Files\JetBrains\IntelliJ IDEA Community Edition 2024.1.4\bin;C:\Users\DELL\AppData\Roaming\npm;C:\Users\DELL\.dotnet\tools;C:\Program Files\JetBrains\IntelliJ IDEA 2024.3.4.1\bin;C:\Program Files\JetBrains\PyCharm 2025.2.4\bin;C:\Users\DELL\AppData\Local\nvm;C:\nvm4w\nodejs;C:\Users\DELL\AppData\Local\Programs\Microsoft VS Code\bin
USERNAME=DELL
DISPLAY=:0.0
LC_ALL=en_US.UTF-8
TERM=xterm-256color
TMPDIR=C:\Users\DELL\AppData\Local\Temp
OS=Windows_NT
PROCESSOR_IDENTIFIER=Intel64 Family 6 Model 140 Stepping 1, GenuineIntel
TMP=C:\Users\DELL\AppData\Local\Temp
TEMP=C:\Users\DELL\AppData\Local\Temp




Periodic native trim disabled

JNI global refs:
JNI global refs: 0, weak refs: 0

JNI global refs memory usage: 0, weak refs: 0

Process memory usage:
Resident Set Size: 12608K (0% of 8121124K total physical memory with 435996K free physical memory)

OOME stack traces (most recent first):
Classloader memory used:

---------------  S Y S T E M  ---------------

OS:
 Windows 11 , 64 bit Build 26100 (10.0.26100.8328)
OS uptime: 5 days 8:10 hours
Hyper-V role detected

CPU: total 8 (initial active 8) (4 cores per cpu, 2 threads per core) family 6 model 140 stepping 1 microcode 0xbc, cx8, cmov, fxsr, ht, mmx, 3dnowpref, sse, sse2, sse3, ssse3, sse4.1, sse4.2, popcnt, lzcnt, tsc, tscinvbit, avx, avx2, aes, erms, clmul, bmi1, bmi2, adx, avx512f, avx512dq, avx512cd, avx512bw, avx512vl, sha, fma, vzeroupper, avx512_vpopcntdq, avx512_vpclmulqdq, avx512_vaes, avx512_vnni, clflush, clflushopt, clwb, avx512_vbmi2, avx512_vbmi, hv, rdtscp, rdpid, fsrm, gfni, avx512_bitalg, f16c, cet_ibt, cet_ss, avx512_ifma
Processor Information for processor 0
  Max Mhz: 2611, Current Mhz: 2611, Mhz Limit: 2611
Processor Information for processor 1
  Max Mhz: 2611, Current Mhz: 2611, Mhz Limit: 2611
Processor Information for processor 2
  Max Mhz: 2611, Current Mhz: 2611, Mhz Limit: 2611
Processor Information for processor 3
  Max Mhz: 2611, Current Mhz: 2611, Mhz Limit: 2611
Processor Information for processor 4
  Max Mhz: 2611, Current Mhz: 2611, Mhz Limit: 2611
Processor Information for processor 5
  Max Mhz: 2611, Current Mhz: 2611, Mhz Limit: 2611
Processor Information for processor 6
  Max Mhz: 2611, Current Mhz: 1205, Mhz Limit: 2611
Processor Information for processor 7
  Max Mhz: 2611, Current Mhz: 2611, Mhz Limit: 2611

Memory: 4k page, system-wide physical 7930M (425M free)
TotalPageFile size 32506M (AvailPageFile size 48M)
current process WorkingSet (physical memory assigned to process): 12M, peak: 12M
current process commit charge ("private bytes"): 60M, peak: 184M

vm_info: OpenJDK 64-Bit Server VM (21.0.6+8-b631.39) for windows-amd64 JRE (21.0.6+8-b631.39), built on 2025-02-04 by "builduser" with MS VC++ 16.10 / 16.11 (VS2019)

END.
