#
# There is insufficient memory for the Java Runtime Environment to continue.
# Native memory allocation (mmap) failed to map 5242880 bytes. Error detail: G1 virtual space
# Possible reasons:
#   The system is out of physical RAM or swap space
#   This process is running with CompressedOops enabled, and the Java Heap may be blocking the growth of the native heap
# Possible solutions:
#   Reduce memory load on the system
#   Increase physical memory or swap space
#   Check if swap backing store is full
#   Decrease Java heap size (-Xmx/-Xms)
#   Decrease number of Java threads
#   Decrease Java thread stack sizes (-Xss)
#   Set larger code cache with -XX:ReservedCodeCacheSize=
#   JVM is running with Unscaled Compressed Oops mode in which the Java heap is
#     placed in the first 4GB address space. The Java Heap base address is the
#     maximum limit for the native heap growth. Please use -XX:HeapBaseMinAddress
#     to set the Java Heap base and to place the Java Heap above 4GB virtual address.
# This output file may be truncated or incomplete.
#
#  Out of Memory Error (os_windows.cpp:3707), pid=24236, tid=19828
#
# JRE version: Java(TM) SE Runtime Environment (23.0.2+7) (build 23.0.2+7-58)
# Java VM: Java HotSpot(TM) 64-Bit Server VM (23.0.2+7-58, mixed mode, emulated-client, sharing, tiered, compressed oops, compressed class ptrs, g1 gc, windows-amd64)
# No core dump will be written. Minidumps are not enabled by default on client versions of Windows
#

---------------  S U M M A R Y ------------

Command Line: -XX:TieredStopAtLevel=1 -Dspring.output.ansi.enabled=always -Dcom.sun.management.jmxremote -Dspring.jmx.enabled=true -Dspring.liveBeansView.mbeanDomain -Dspring.application.admin.enabled=true -Dmanagement.endpoints.jmx.exposure.include=* -javaagent:C:\Program Files\JetBrains\IntelliJ IDEA 2024.3.4.1\lib\idea_rt.jar=55504 -Dfile.encoding=UTF-8 -Dsun.stdout.encoding=UTF-8 -Dsun.stderr.encoding=UTF-8 com.taskflow.taskflow_api.TaskflowApiApplication

Host: 11th Gen Intel(R) Core(TM) i5-11300H @ 3.10GHz, 8 cores, 7G,  Windows 11 , 64 bit Build 26100 (10.0.26100.8328)
Time: Fri Jun 12 21:14:19 2026 Sri Lanka Standard Time elapsed time: 22.650880 seconds (0d 0h 0m 22s)

---------------  T H R E A D  ---------------

Current thread (0x0000014d6149dfc0):  VMThread "VM Thread"          [id=19828, stack(0x0000004402f00000,0x0000004403000000) (1024K)]

Stack: [0x0000004402f00000,0x0000004403000000]
Native frames: (J=compiled Java code, j=interpreted, Vv=VM code, C=native code)
V  [jvm.dll+0x6e0b99]  (no source info available)
V  [jvm.dll+0x87e2b3]  (no source info available)
V  [jvm.dll+0x88073e]  (no source info available)
V  [jvm.dll+0x880e13]  (no source info available)
V  [jvm.dll+0x27b006]  (no source info available)
V  [jvm.dll+0x6dd485]  (no source info available)
V  [jvm.dll+0x6d127a]  (no source info available)
V  [jvm.dll+0x35b50a]  (no source info available)
V  [jvm.dll+0x363916]  (no source info available)
V  [jvm.dll+0x34fe7e]  (no source info available)
V  [jvm.dll+0x350118]  (no source info available)
V  [jvm.dll+0x328aec]  (no source info available)
V  [jvm.dll+0x32b4d9]  (no source info available)
V  [jvm.dll+0x336094]  (no source info available)
V  [jvm.dll+0x372e75]  (no source info available)
V  [jvm.dll+0x886d50]  (no source info available)
V  [jvm.dll+0x888077]  (no source info available)
V  [jvm.dll+0x8885a8]  (no source info available)
V  [jvm.dll+0x888843]  (no source info available)
V  [jvm.dll+0x8254cb]  (no source info available)
V  [jvm.dll+0x6df345]  (no source info available)
C  [ucrtbase.dll+0x37b0]  (no source info available)
C  [KERNEL32.DLL+0x2e957]  (no source info available)
C  [ntdll.dll+0x427c]  (no source info available)

VM_Operation (0x0000004402aff6f0): G1PauseRemark, mode: safepoint, requested by thread 0x0000014d4e6eddc0


---------------  P R O C E S S  ---------------

Threads class SMR info:
_java_thread_list=0x0000014d477fa850, length=27, elements={
0x0000014d4e638e70, 0x0000014d614b61b0, 0x0000014d614b6dc0, 0x0000014d614ba260,
0x0000014d614bccd0, 0x0000014d614bee30, 0x0000014d614c79d0, 0x0000014d614cb930,
0x0000014d450d9520, 0x0000014d450f2940, 0x0000014d452815c0, 0x0000014d4574f1e0,
0x0000014d45746e90, 0x0000014d45937890, 0x0000014d459ae4a0, 0x0000014d45a00aa0,
0x0000014d45a0fa00, 0x0000014d462a9130, 0x0000014d46487e00, 0x0000014d46465f30,
0x0000014d46993210, 0x0000014d469938a0, 0x0000014d46995970, 0x0000014d4934b090,
0x0000014d4934e510, 0x0000014d4934b720, 0x0000014d4934c440
}

Java Threads: ( => current thread )
  0x0000014d4e638e70 JavaThread "main"                              [_thread_blocked, id=6000, stack(0x0000004402800000,0x0000004402900000) (1024K)]
  0x0000014d614b61b0 JavaThread "Reference Handler"          daemon [_thread_blocked, id=11616, stack(0x0000004403000000,0x0000004403100000) (1024K)]
  0x0000014d614b6dc0 JavaThread "Finalizer"                  daemon [_thread_blocked, id=29668, stack(0x0000004403100000,0x0000004403200000) (1024K)]
  0x0000014d614ba260 JavaThread "Signal Dispatcher"          daemon [_thread_blocked, id=28656, stack(0x0000004403200000,0x0000004403300000) (1024K)]
  0x0000014d614bccd0 JavaThread "Attach Listener"            daemon [_thread_blocked, id=7480, stack(0x0000004403300000,0x0000004403400000) (1024K)]
  0x0000014d614bee30 JavaThread "Service Thread"             daemon [_thread_blocked, id=13552, stack(0x0000004403400000,0x0000004403500000) (1024K)]
  0x0000014d614c79d0 JavaThread "Monitor Deflation Thread"   daemon [_thread_blocked, id=17480, stack(0x0000004403500000,0x0000004403600000) (1024K)]
  0x0000014d614cb930 JavaThread "C1 CompilerThread0"         daemon [_thread_blocked, id=24024, stack(0x0000004403600000,0x0000004403700000) (1024K)]
  0x0000014d450d9520 JavaThread "Common-Cleaner"             daemon [_thread_blocked, id=6960, stack(0x0000004403700000,0x0000004403800000) (1024K)]
  0x0000014d450f2940 JavaThread "C1 CompilerThread1"         daemon [_thread_blocked, id=5728, stack(0x0000004403800000,0x0000004403900000) (1024K)]
  0x0000014d452815c0 JavaThread "C1 CompilerThread2"         daemon [_thread_blocked, id=16132, stack(0x0000004403900000,0x0000004403a00000) (1024K)]
  0x0000014d4574f1e0 JavaThread "Monitor Ctrl-Break"         daemon [_thread_in_native, id=23372, stack(0x0000004403b00000,0x0000004403c00000) (1024K)]
  0x0000014d45746e90 JavaThread "Notification Thread"        daemon [_thread_blocked, id=13752, stack(0x0000004403c00000,0x0000004403d00000) (1024K)]
  0x0000014d45937890 JavaThread "RMI TCP Accept-0"           daemon [_thread_in_native, id=27936, stack(0x0000004403a00000,0x0000004403b00000) (1024K)]
  0x0000014d459ae4a0 JavaThread "RMI TCP Connection(1)-192.168.1.152" daemon [_thread_blocked, id=11468, stack(0x0000004403d00000,0x0000004403e00000) (1024K)]
  0x0000014d45a00aa0 JavaThread "RMI Scheduler(0)"           daemon [_thread_blocked, id=13756, stack(0x0000004403e00000,0x0000004403f00000) (1024K)]
  0x0000014d45a0fa00 JavaThread "JMX server connection timeout 26" daemon [_thread_blocked, id=26848, stack(0x0000004403f00000,0x0000004404000000) (1024K)]
  0x0000014d462a9130 JavaThread "RMI TCP Connection(2)-192.168.1.152" daemon [_thread_blocked, id=29684, stack(0x0000004404700000,0x0000004404800000) (1024K)]
  0x0000014d46487e00 JavaThread "Thread-0"                          [_thread_blocked, id=13468, stack(0x0000004404800000,0x0000004404900000) (1024K)]
  0x0000014d46465f30 JavaThread "restartedMain"                     [_thread_blocked, id=28156, stack(0x0000004404900000,0x0000004404a00000) (1024K)]
  0x0000014d46993210 JavaThread "Cleaner-0"                  daemon [_thread_blocked, id=8460, stack(0x0000004404b00000,0x0000004404c00000) (1024K)]
  0x0000014d469938a0 JavaThread "HikariPool-1:housekeeper"   daemon [_thread_blocked, id=26356, stack(0x0000004404d00000,0x0000004404e00000) (1024K)]
  0x0000014d46995970 JavaThread "Catalina-utility-1"                [_thread_blocked, id=17736, stack(0x0000004404f00000,0x0000004405000000) (1024K)]
  0x0000014d4934b090 JavaThread "Catalina-utility-2"                [_thread_blocked, id=29252, stack(0x0000004405000000,0x0000004405100000) (1024K)]
  0x0000014d4934e510 JavaThread "container-0"                       [_thread_blocked, id=23580, stack(0x0000004405100000,0x0000004405200000) (1024K)]
  0x0000014d4934b720 JavaThread "Jndi-Dns-address-change-listener" daemon [_thread_in_native, id=21164, stack(0x0000004405200000,0x0000004405300000) (1024K)]
  0x0000014d4934c440 JavaThread "lettuce-timer-3-1"          daemon [_thread_blocked, id=8832, stack(0x0000004405300000,0x0000004405400000) (1024K)]
Total: 27

Other Threads:
=>0x0000014d6149dfc0 VMThread "VM Thread"                           [id=19828, stack(0x0000004402f00000,0x0000004403000000) (1024K)]
  0x0000014d6148af00 WatcherThread "VM Periodic Task Thread"        [id=1336, stack(0x0000004402e00000,0x0000004402f00000) (1024K)]
  0x0000014d4eb41850 WorkerThread "GC Thread#0"                     [id=10312, stack(0x0000004402900000,0x0000004402a00000) (1024K)]
  0x0000014d45a26400 WorkerThread "GC Thread#1"                     [id=11292, stack(0x0000004404000000,0x0000004404100000) (1024K)]
  0x0000014d45a47150 WorkerThread "GC Thread#2"                     [id=24908, stack(0x0000004404100000,0x0000004404200000) (1024K)]
  0x0000014d45a4fac0 WorkerThread "GC Thread#3"                     [id=22596, stack(0x0000004404200000,0x0000004404300000) (1024K)]
  0x0000014d45a49190 WorkerThread "GC Thread#4"                     [id=28660, stack(0x0000004404300000,0x0000004404400000) (1024K)]
  0x0000014d45a49540 WorkerThread "GC Thread#5"                     [id=8528, stack(0x0000004404400000,0x0000004404500000) (1024K)]
  0x0000014d45a4fe70 WorkerThread "GC Thread#6"                     [id=19272, stack(0x0000004404500000,0x0000004404600000) (1024K)]
  0x0000014d45a50220 WorkerThread "GC Thread#7"                     [id=15616, stack(0x0000004404600000,0x0000004404700000) (1024K)]
  0x0000014d4e6eddc0 ConcurrentGCThread "G1 Main Marker"            [id=13588, stack(0x0000004402a00000,0x0000004402b00000) (1024K)]
  0x0000014d4eb52ab0 WorkerThread "G1 Conc#0"                       [id=19376, stack(0x0000004402b00000,0x0000004402c00000) (1024K)]
  0x0000014d46996f40 WorkerThread "G1 Conc#1"                       [id=19816, stack(0x0000004404c00000,0x0000004404d00000) (1024K)]
  0x0000014d61353600 ConcurrentGCThread "G1 Refine#0"               [id=24220, stack(0x0000004402c00000,0x0000004402d00000) (1024K)]
  0x0000014d61353f90 ConcurrentGCThread "G1 Service"                [id=23352, stack(0x0000004402d00000,0x0000004402e00000) (1024K)]
Total: 15

Threads with active compile tasks:
C1 CompilerThread1  22711 7483       1       java.lang.reflect.Constructor::hashCode (11 bytes)
Total: 1

VM state: at safepoint (normal execution)

VM Mutex/Monitor currently owned by a thread:  ([mutex/lock_event])
[0x00007ffb18e64888] Threads_lock - owner thread: 0x0000014d6149dfc0
[0x00007ffb18e64988] Heap_lock - owner thread: 0x0000014d4e6eddc0

Heap address: 0x0000000084000000, size: 1984 MB, Compressed Oops mode: 32-bit

CDS archive(s) mapped at: [0x0000014d00000000-0x0000014d00d70000-0x0000014d00d70000), size 14090240, SharedBaseAddress: 0x0000014d00000000, ArchiveRelocationMode: 1.
Compressed class space mapped at: 0x0000014d01000000-0x0000014d41000000, reserved size: 1073741824
Narrow klass base: 0x0000014d00000000, Narrow klass shift: 0, Narrow klass range: 0x41000000

GC Precious Log:
 CardTable entry size: 512
 Card Set container configuration: InlinePtr #cards 5 size 8 Array Of Cards #cards 10 size 36 Howl #buckets 4 coarsen threshold 1843 Howl Bitmap #cards 512 size 80 coarsen threshold 460 Card regions per heap region 1 cards per card region 2048
 CPUs: 8 total, 8 available
 Memory: 7930M
 Large Page Support: Disabled
 NUMA Support: Disabled
 Compressed Oops: Enabled (32-bit)
 Heap Region Size: 1M
 Heap Min Capacity: 8M
 Heap Initial Capacity: 124M
 Heap Max Capacity: 1984M
 Pre-touch: Disabled
 Parallel Workers: 8
 Concurrent Workers: 2
 Concurrent Refinement Workers: 8
 Periodic GC: Disabled

Heap:
 garbage-first heap   total reserved 2031616K, committed 66560K, used 45414K [0x0000000084000000, 0x0000000100000000)
  region size 1024K, 8 young (8192K), 3 survivors (3072K)
 Metaspace       used 89636K, committed 90496K, reserved 1179648K
  class space    used 13497K, committed 13824K, reserved 1048576K

Heap Regions: E=young(eden), S=young(survivor), O=old, HS=humongous(starts), HC=humongous(continues), CS=collection set, F=free, TAMS=top-at-mark-start, PB=parsable bottom
|   0|0x0000000084000000, 0x0000000084100000, 0x0000000084100000|100%|HS|  |TAMS 0x0000000084100000| PB 0x0000000084000000| Complete |  0
|   1|0x0000000084100000, 0x0000000084200000, 0x0000000084200000|100%|HS|  |TAMS 0x0000000084200000| PB 0x0000000084100000| Complete |  0
|   2|0x0000000084200000, 0x0000000084300000, 0x0000000084300000|100%| O|  |TAMS 0x0000000084300000| PB 0x0000000084300000| Untracked |  0
|   3|0x0000000084300000, 0x0000000084400000, 0x0000000084400000|100%| O|  |TAMS 0x0000000084400000| PB 0x0000000084400000| Untracked |  0
|   4|0x0000000084400000, 0x0000000084500000, 0x0000000084500000|100%| O|  |TAMS 0x0000000084500000| PB 0x0000000084500000| Untracked |  0
|   5|0x0000000084500000, 0x0000000084600000, 0x0000000084600000|100%| O|  |TAMS 0x0000000084600000| PB 0x0000000084600000| Untracked |  0
|   6|0x0000000084600000, 0x0000000084700000, 0x0000000084700000|100%| O|  |TAMS 0x0000000084700000| PB 0x0000000084700000| Untracked |  0
|   7|0x0000000084700000, 0x0000000084800000, 0x0000000084800000|100%| O|  |TAMS 0x0000000084800000| PB 0x0000000084800000| Untracked |  0
|   8|0x0000000084800000, 0x0000000084900000, 0x0000000084900000|100%| O|  |TAMS 0x0000000084900000| PB 0x0000000084900000| Untracked |  0
|   9|0x0000000084900000, 0x0000000084a00000, 0x0000000084a00000|100%| O|  |TAMS 0x0000000084a00000| PB 0x0000000084a00000| Untracked |  0
|  10|0x0000000084a00000, 0x0000000084b00000, 0x0000000084b00000|100%| O|  |TAMS 0x0000000084b00000| PB 0x0000000084b00000| Untracked |  0
|  11|0x0000000084b00000, 0x0000000084c00000, 0x0000000084c00000|100%| O|  |TAMS 0x0000000084c00000| PB 0x0000000084c00000| Untracked |  0
|  12|0x0000000084c00000, 0x0000000084d00000, 0x0000000084d00000|100%| O|  |TAMS 0x0000000084d00000| PB 0x0000000084d00000| Untracked |  0
|  13|0x0000000084d00000, 0x0000000084e00000, 0x0000000084e00000|100%| O|  |TAMS 0x0000000084e00000| PB 0x0000000084e00000| Untracked |  0
|  14|0x0000000084e00000, 0x0000000084f00000, 0x0000000084f00000|100%| O|  |TAMS 0x0000000084f00000| PB 0x0000000084f00000| Untracked |  0
|  15|0x0000000084f00000, 0x0000000085000000, 0x0000000085000000|100%| O|  |TAMS 0x0000000085000000| PB 0x0000000085000000| Untracked |  0
|  16|0x0000000085000000, 0x0000000085100000, 0x0000000085100000|100%| O|  |TAMS 0x0000000085100000| PB 0x0000000085100000| Untracked |  0
|  17|0x0000000085100000, 0x0000000085200000, 0x0000000085200000|100%| O|  |TAMS 0x0000000085200000| PB 0x0000000085200000| Untracked |  0
|  18|0x0000000085200000, 0x0000000085300000, 0x0000000085300000|100%| O|  |TAMS 0x0000000085300000| PB 0x0000000085300000| Untracked |  0
|  19|0x0000000085300000, 0x0000000085400000, 0x0000000085400000|100%| O|  |TAMS 0x0000000085400000| PB 0x0000000085400000| Untracked |  0
|  20|0x0000000085400000, 0x0000000085500000, 0x0000000085500000|100%| O|  |TAMS 0x0000000085500000| PB 0x0000000085500000| Untracked |  0
|  21|0x0000000085500000, 0x0000000085600000, 0x0000000085600000|100%| O|  |TAMS 0x0000000085600000| PB 0x0000000085600000| Untracked |  0
|  22|0x0000000085600000, 0x0000000085700000, 0x0000000085700000|100%| O|Cm|TAMS 0x0000000085700000| PB 0x0000000085700000| Updating |  0
|  23|0x0000000085700000, 0x0000000085800000, 0x0000000085800000|100%| O|  |TAMS 0x0000000085800000| PB 0x0000000085800000| Untracked |  0
|  24|0x0000000085800000, 0x0000000085900000, 0x0000000085900000|100%| O|  |TAMS 0x0000000085900000| PB 0x0000000085900000| Untracked |  0
|  25|0x0000000085900000, 0x000000008594f860, 0x0000000085a00000| 31%| O|  |TAMS 0x0000000085900000| PB 0x0000000085900000| Untracked |  0
|  26|0x0000000085a00000, 0x0000000085b00000, 0x0000000085b00000|100%| O|  |TAMS 0x0000000085b00000| PB 0x0000000085b00000| Untracked |  0
|  27|0x0000000085b00000, 0x0000000085c00000, 0x0000000085c00000|100%| O|  |TAMS 0x0000000085c00000| PB 0x0000000085c00000| Untracked |  0
|  28|0x0000000085c00000, 0x0000000085d00000, 0x0000000085d00000|100%| O|  |TAMS 0x0000000085d00000| PB 0x0000000085d00000| Untracked |  0
|  29|0x0000000085d00000, 0x0000000085e00000, 0x0000000085e00000|100%| O|  |TAMS 0x0000000085e00000| PB 0x0000000085e00000| Untracked |  0
|  30|0x0000000085e00000, 0x0000000085f00000, 0x0000000085f00000|100%| O|  |TAMS 0x0000000085f00000| PB 0x0000000085f00000| Untracked |  0
|  31|0x0000000085f00000, 0x0000000086000000, 0x0000000086000000|100%| O|  |TAMS 0x0000000086000000| PB 0x0000000086000000| Untracked |  0
|  32|0x0000000086000000, 0x0000000086100000, 0x0000000086100000|100%| O|Cm|TAMS 0x0000000086100000| PB 0x0000000086100000| Updating |  0
|  33|0x0000000086100000, 0x0000000086200000, 0x0000000086200000|100%| O|  |TAMS 0x0000000086200000| PB 0x0000000086200000| Untracked |  0
|  34|0x0000000086200000, 0x0000000086300000, 0x0000000086300000|100%| O|  |TAMS 0x0000000086300000| PB 0x0000000086300000| Untracked |  0
|  35|0x0000000086300000, 0x0000000086400000, 0x0000000086400000|100%| O|  |TAMS 0x0000000086400000| PB 0x0000000086400000| Untracked |  0
|  36|0x0000000086400000, 0x0000000086500000, 0x0000000086500000|100%| O|  |TAMS 0x0000000086500000| PB 0x0000000086500000| Untracked |  0
|  37|0x0000000086500000, 0x0000000086600000, 0x0000000086600000|100%| O|  |TAMS 0x0000000086600000| PB 0x0000000086600000| Untracked |  0
|  38|0x0000000086600000, 0x0000000086700000, 0x0000000086700000|100%| O|  |TAMS 0x0000000086684658| PB 0x0000000086684658| Untracked |  0
|  39|0x0000000086700000, 0x0000000086700000, 0x0000000086800000|  0%| F|  |TAMS 0x0000000086700000| PB 0x0000000086700000| Untracked |  0
|  40|0x0000000086800000, 0x0000000086800000, 0x0000000086900000|  0%| F|  |TAMS 0x0000000086800000| PB 0x0000000086800000| Untracked |  0
|  41|0x0000000086900000, 0x0000000086900000, 0x0000000086a00000|  0%| F|  |TAMS 0x0000000086900000| PB 0x0000000086900000| Untracked |  0
|  42|0x0000000086a00000, 0x0000000086a00000, 0x0000000086b00000|  0%| F|  |TAMS 0x0000000086a00000| PB 0x0000000086a00000| Untracked |  0
|  43|0x0000000086b00000, 0x0000000086b0a2b0, 0x0000000086c00000|  3%| S|CS|TAMS 0x0000000086b00000| PB 0x0000000086b00000| Complete |  0
|  44|0x0000000086c00000, 0x0000000086d00000, 0x0000000086d00000|100%| S|CS|TAMS 0x0000000086c00000| PB 0x0000000086c00000| Complete |  0
|  45|0x0000000086d00000, 0x0000000086e00000, 0x0000000086e00000|100%| S|CS|TAMS 0x0000000086d00000| PB 0x0000000086d00000| Complete |  0
|  46|0x0000000086e00000, 0x0000000086e00000, 0x0000000086f00000|  0%| F|  |TAMS 0x0000000086e00000| PB 0x0000000086e00000| Untracked |  0
|  47|0x0000000086f00000, 0x0000000086f00000, 0x0000000087000000|  0%| F|  |TAMS 0x0000000086f00000| PB 0x0000000086f00000| Untracked |  0
|  48|0x0000000087000000, 0x0000000087000000, 0x0000000087100000|  0%| F|  |TAMS 0x0000000087000000| PB 0x0000000087000000| Untracked |  0
|  49|0x0000000087100000, 0x0000000087100000, 0x0000000087200000|  0%| F|  |TAMS 0x0000000087100000| PB 0x0000000087100000| Untracked |  0
|  50|0x0000000087200000, 0x0000000087200000, 0x0000000087300000|  0%| F|  |TAMS 0x0000000087200000| PB 0x0000000087200000| Untracked |  0
|  51|0x0000000087300000, 0x0000000087300000, 0x0000000087400000|  0%| F|  |TAMS 0x0000000087300000| PB 0x0000000087300000| Untracked |  0
|  52|0x0000000087400000, 0x0000000087400000, 0x0000000087500000|  0%| F|  |TAMS 0x0000000087400000| PB 0x0000000087400000| Untracked |  0
|  53|0x0000000087500000, 0x0000000087500000, 0x0000000087600000|  0%| F|  |TAMS 0x0000000087500000| PB 0x0000000087500000| Untracked |  0
|  54|0x0000000087600000, 0x0000000087600000, 0x0000000087700000|  0%| F|  |TAMS 0x0000000087600000| PB 0x0000000087600000| Untracked |  0
|  55|0x0000000087700000, 0x0000000087700000, 0x0000000087800000|  0%| F|  |TAMS 0x0000000087700000| PB 0x0000000087700000| Untracked |  0
|  56|0x0000000087800000, 0x0000000087800000, 0x0000000087900000|  0%| F|  |TAMS 0x0000000087800000| PB 0x0000000087800000| Untracked |  0
|  57|0x0000000087900000, 0x0000000087900000, 0x0000000087a00000|  0%| F|  |TAMS 0x0000000087900000| PB 0x0000000087900000| Untracked |  0
|  58|0x0000000087a00000, 0x0000000087a00000, 0x0000000087b00000|  0%| F|  |TAMS 0x0000000087a00000| PB 0x0000000087a00000| Untracked |  0
|  59|0x0000000087b00000, 0x0000000087b00000, 0x0000000087c00000|  0%| F|  |TAMS 0x0000000087b00000| PB 0x0000000087b00000| Untracked |  0
| 115|0x000000008b300000, 0x000000008b35b788, 0x000000008b400000| 35%| E|  |TAMS 0x000000008b300000| PB 0x000000008b300000| Complete |  0
| 116|0x000000008b400000, 0x000000008b500000, 0x000000008b500000|100%| E|CS|TAMS 0x000000008b400000| PB 0x000000008b400000| Complete |  0
| 117|0x000000008b500000, 0x000000008b600000, 0x000000008b600000|100%| E|CS|TAMS 0x000000008b500000| PB 0x000000008b500000| Complete |  0
| 118|0x000000008b600000, 0x000000008b700000, 0x000000008b700000|100%| E|CS|TAMS 0x000000008b600000| PB 0x000000008b600000| Complete |  0
| 123|0x000000008bb00000, 0x000000008bc00000, 0x000000008bc00000|100%| E|CS|TAMS 0x000000008bb00000| PB 0x000000008bb00000| Complete |  0

Card table byte_map: [0x0000014d5c700000,0x0000014d5cae0000] _byte_map_base: 0x0000014d5c2e0000

Marking Bits: (CMBitMap*) 0x0000014d4eb41d70
 Bits: [0x0000014d5cae0000, 0x0000014d5e9e0000)

Polling page: 0x0000014d4e870000

Metaspace:

Usage:
  Non-class:     74.35 MB used.
      Class:     13.18 MB used.
       Both:     87.54 MB used.

Virtual space:
  Non-class space:      128.00 MB reserved,      74.88 MB ( 58%) committed,  2 nodes.
      Class space:        1.00 GB reserved,      13.50 MB (  1%) committed,  1 nodes.
             Both:        1.12 GB reserved,      88.38 MB (  8%) committed. 

Chunk freelists:
   Non-Class:  4.80 MB
       Class:  2.31 MB
        Both:  7.11 MB

MaxMetaspaceSize: unlimited
CompressedClassSpaceSize: 1.00 GB
Initial GC threshold: 21.00 MB
Current GC threshold: 139.19 MB
CDS: on
 - commit_granule_bytes: 65536.
 - commit_granule_words: 8192.
 - virtual_space_node_default_size: 8388608.
 - enlarge_chunks_in_place: 1.
 - use_allocation_guard: 0.


Internal statistics:

num_allocs_failed_limit: 6.
num_arena_births: 1124.
num_arena_deaths: 0.
num_vsnodes_births: 3.
num_vsnodes_deaths: 0.
num_space_committed: 1414.
num_space_uncommitted: 0.
num_chunks_returned_to_freelist: 6.
num_chunks_taken_from_freelist: 4280.
num_chunk_merges: 6.
num_chunk_splits: 3235.
num_chunks_enlarged: 2595.
num_inconsistent_stats: 0.

CodeCache: size=49152Kb used=11659Kb max_used=11672Kb free=37492Kb
 bounds [0x0000014d58a40000, 0x0000014d595b0000, 0x0000014d5ba40000]
 total_blobs=8143, nmethods=7367, adapters=698, full_count=0
Compilation: enabled, stopped_count=0, restarted_count=0

Compilation events (20 events):
Event: 20.605 Thread 0x0000014d450f2940 7475       1       org.antlr.v4.runtime.Parser::createTerminalNode (9 bytes)
Event: 20.605 Thread 0x0000014d614cb930 7474       1       org.antlr.v4.runtime.DefaultErrorStrategy::inErrorRecoveryMode (5 bytes)
Event: 20.605 Thread 0x0000014d614cb930 nmethod 7474 0x0000014d595a2c08 code [0x0000014d595a2d20, 0x0000014d595a2df0]
Event: 20.605 Thread 0x0000014d450f2940 nmethod 7475 0x0000014d595a2f08 code [0x0000014d595a3020, 0x0000014d595a3190]
Event: 20.605 Thread 0x0000014d614cb930 7476       1       org.antlr.v4.runtime.tree.TerminalNodeImpl::<init> (10 bytes)
Event: 20.605 Thread 0x0000014d450f2940 7477       1       org.antlr.v4.runtime.ParserRuleContext::addChild (16 bytes)
Event: 20.605 Thread 0x0000014d614cb930 nmethod 7476 0x0000014d595a3208 code [0x0000014d595a3320, 0x0000014d595a3430]
Event: 20.606 Thread 0x0000014d614cb930 7478       1       org.antlr.v4.runtime.misc.IntegerList::size (5 bytes)
Event: 20.606 Thread 0x0000014d614cb930 nmethod 7478 0x0000014d595a3508 code [0x0000014d595a3620, 0x0000014d595a36e8]
Event: 20.606 Thread 0x0000014d450f2940 nmethod 7477 0x0000014d595a3808 code [0x0000014d595a3940, 0x0000014d595a3c88]
Event: 20.606 Thread 0x0000014d450f2940 7479       1       org.hibernate.query.sqm.tree.domain.AbstractSqmPath::getReferencedPathSource (5 bytes)
Event: 20.606 Thread 0x0000014d450f2940 nmethod 7479 0x0000014d595a3d08 code [0x0000014d595a3e20, 0x0000014d595a3ee8]
Event: 20.606 Thread 0x0000014d452815c0 nmethod 7473 0x0000014d595a4008 code [0x0000014d595a4260, 0x0000014d595a4cf8]
Event: 20.606 Thread 0x0000014d450f2940 7480       1       java.lang.reflect.Proxy$ProxyBuilder::referencedTypes (113 bytes)
Event: 20.608 Thread 0x0000014d450f2940 nmethod 7480 0x0000014d595a4e08 code [0x0000014d595a5000, 0x0000014d595a5738]
Event: 20.612 Thread 0x0000014d450f2940 7481       1       org.springframework.aop.aspectj.autoproxy.AspectJAwareAdvisorAutoProxyCreator::shouldSkip (74 bytes)
Event: 20.612 Thread 0x0000014d614cb930 7482       1       org.springframework.aop.framework.autoproxy.AbstractAutoProxyCreator::shouldSkip (6 bytes)
Event: 20.613 Thread 0x0000014d614cb930 nmethod 7482 0x0000014d595a5808 code [0x0000014d595a5920, 0x0000014d595a5a00]
Event: 20.613 Thread 0x0000014d450f2940 nmethod 7481 0x0000014d595a5b08 code [0x0000014d595a5ca0, 0x0000014d595a5ff0]
Event: 20.614 Thread 0x0000014d450f2940 7483       1       java.lang.reflect.Constructor::hashCode (11 bytes)

GC Heap History (20 events):
Event: 16.778 GC heap before
{Heap before GC invocations=22 (full 0):
 garbage-first heap   total reserved 2031616K, committed 53248K, used 45968K [0x0000000084000000, 0x0000000100000000)
  region size 1024K, 17 young (17408K), 2 survivors (2048K)
 Metaspace       used 69595K, committed 70336K, reserved 1114112K
  class space    used 10227K, committed 10560K, reserved 1048576K
}
Event: 16.782 GC heap after
{Heap after GC invocations=23 (full 0):
 garbage-first heap   total reserved 2031616K, committed 53248K, used 32139K [0x0000000084000000, 0x0000000100000000)
  region size 1024K, 2 young (2048K), 2 survivors (2048K)
 Metaspace       used 69595K, committed 70336K, reserved 1114112K
  class space    used 10227K, committed 10560K, reserved 1048576K
}
Event: 17.135 GC heap before
{Heap before GC invocations=24 (full 0):
 garbage-first heap   total reserved 2031616K, committed 55296K, used 45451K [0x0000000084000000, 0x0000000100000000)
  region size 1024K, 16 young (16384K), 2 survivors (2048K)
 Metaspace       used 71978K, committed 72704K, reserved 1114112K
  class space    used 10638K, committed 10944K, reserved 1048576K
}
Event: 17.138 GC heap after
{Heap after GC invocations=25 (full 0):
 garbage-first heap   total reserved 2031616K, committed 55296K, used 32978K [0x0000000084000000, 0x0000000100000000)
  region size 1024K, 2 young (2048K), 2 survivors (2048K)
 Metaspace       used 71978K, committed 72704K, reserved 1114112K
  class space    used 10638K, committed 10944K, reserved 1048576K
}
Event: 17.493 GC heap before
{Heap before GC invocations=25 (full 0):
 garbage-first heap   total reserved 2031616K, committed 55296K, used 48338K [0x0000000084000000, 0x0000000100000000)
  region size 1024K, 17 young (17408K), 2 survivors (2048K)
 Metaspace       used 74941K, committed 75712K, reserved 1114112K
  class space    used 11101K, committed 11456K, reserved 1048576K
}
Event: 17.496 GC heap after
{Heap after GC invocations=26 (full 0):
 garbage-first heap   total reserved 2031616K, committed 55296K, used 33639K [0x0000000084000000, 0x0000000100000000)
  region size 1024K, 3 young (3072K), 3 survivors (3072K)
 Metaspace       used 74941K, committed 75712K, reserved 1114112K
  class space    used 11101K, committed 11456K, reserved 1048576K
}
Event: 17.740 GC heap before
{Heap before GC invocations=26 (full 0):
 garbage-first heap   total reserved 2031616K, committed 55296K, used 46951K [0x0000000084000000, 0x0000000100000000)
  region size 1024K, 16 young (16384K), 3 survivors (3072K)
 Metaspace       used 77667K, committed 78400K, reserved 1179648K
  class space    used 11470K, committed 11776K, reserved 1048576K
}
Event: 17.744 GC heap after
{Heap after GC invocations=27 (full 0):
 garbage-first heap   total reserved 2031616K, committed 55296K, used 34696K [0x0000000084000000, 0x0000000100000000)
  region size 1024K, 2 young (2048K), 2 survivors (2048K)
 Metaspace       used 77667K, committed 78400K, reserved 1179648K
  class space    used 11470K, committed 11776K, reserved 1048576K
}
Event: 18.331 GC heap before
{Heap before GC invocations=28 (full 0):
 garbage-first heap   total reserved 2031616K, committed 60416K, used 48008K [0x0000000084000000, 0x0000000100000000)
  region size 1024K, 15 young (15360K), 2 survivors (2048K)
 Metaspace       used 80782K, committed 81600K, reserved 1179648K
  class space    used 11924K, committed 12288K, reserved 1048576K
}
Event: 18.336 GC heap after
{Heap after GC invocations=29 (full 0):
 garbage-first heap   total reserved 2031616K, committed 60416K, used 35927K [0x0000000084000000, 0x0000000100000000)
  region size 1024K, 2 young (2048K), 2 survivors (2048K)
 Metaspace       used 80782K, committed 81600K, reserved 1179648K
  class space    used 11924K, committed 12288K, reserved 1048576K
}
Event: 19.784 GC heap before
{Heap before GC invocations=29 (full 0):
 garbage-first heap   total reserved 2031616K, committed 60416K, used 52311K [0x0000000084000000, 0x0000000100000000)
  region size 1024K, 19 young (19456K), 2 survivors (2048K)
 Metaspace       used 84146K, committed 84928K, reserved 1179648K
  class space    used 12451K, committed 12800K, reserved 1048576K
}
Event: 19.789 GC heap after
{Heap after GC invocations=30 (full 0):
 garbage-first heap   total reserved 2031616K, committed 60416K, used 37407K [0x0000000084000000, 0x0000000100000000)
  region size 1024K, 3 young (3072K), 3 survivors (3072K)
 Metaspace       used 84146K, committed 84928K, reserved 1179648K
  class space    used 12451K, committed 12800K, reserved 1048576K
}
Event: 19.967 GC heap before
{Heap before GC invocations=30 (full 0):
 garbage-first heap   total reserved 2031616K, committed 60416K, used 51743K [0x0000000084000000, 0x0000000100000000)
  region size 1024K, 18 young (18432K), 3 survivors (3072K)
 Metaspace       used 84726K, committed 85504K, reserved 1179648K
  class space    used 12606K, committed 12928K, reserved 1048576K
}
Event: 19.971 GC heap after
{Heap after GC invocations=31 (full 0):
 garbage-first heap   total reserved 2031616K, committed 60416K, used 38564K [0x0000000084000000, 0x0000000100000000)
  region size 1024K, 3 young (3072K), 3 survivors (3072K)
 Metaspace       used 84726K, committed 85504K, reserved 1179648K
  class space    used 12606K, committed 12928K, reserved 1048576K
}
Event: 20.135 GC heap before
{Heap before GC invocations=32 (full 0):
 garbage-first heap   total reserved 2031616K, committed 66560K, used 50852K [0x0000000084000000, 0x0000000100000000)
  region size 1024K, 16 young (16384K), 3 survivors (3072K)
 Metaspace       used 86038K, committed 86784K, reserved 1179648K
  class space    used 12866K, committed 13184K, reserved 1048576K
}
Event: 20.139 GC heap after
{Heap after GC invocations=33 (full 0):
 garbage-first heap   total reserved 2031616K, committed 66560K, used 39419K [0x0000000084000000, 0x0000000100000000)
  region size 1024K, 1 young (1024K), 1 survivors (1024K)
 Metaspace       used 86038K, committed 86784K, reserved 1179648K
  class space    used 12866K, committed 13184K, reserved 1048576K
}
Event: 20.421 GC heap before
{Heap before GC invocations=33 (full 0):
 garbage-first heap   total reserved 2031616K, committed 66560K, used 59899K [0x0000000084000000, 0x0000000100000000)
  region size 1024K, 22 young (22528K), 1 survivors (1024K)
 Metaspace       used 88931K, committed 89728K, reserved 1179648K
  class space    used 13406K, committed 13760K, reserved 1048576K
}
Event: 20.425 GC heap after
{Heap after GC invocations=34 (full 0):
 garbage-first heap   total reserved 2031616K, committed 66560K, used 40465K [0x0000000084000000, 0x0000000100000000)
  region size 1024K, 2 young (2048K), 2 survivors (2048K)
 Metaspace       used 88931K, committed 89728K, reserved 1179648K
  class space    used 13406K, committed 13760K, reserved 1048576K
}
Event: 20.574 GC heap before
{Heap before GC invocations=34 (full 0):
 garbage-first heap   total reserved 2031616K, committed 66560K, used 59921K [0x0000000084000000, 0x0000000100000000)
  region size 1024K, 21 young (21504K), 2 survivors (2048K)
 Metaspace       used 89489K, committed 90368K, reserved 1179648K
  class space    used 13472K, committed 13824K, reserved 1048576K
}
Event: 20.578 GC heap after
{Heap after GC invocations=35 (full 0):
 garbage-first heap   total reserved 2031616K, committed 66560K, used 41318K [0x0000000084000000, 0x0000000100000000)
  region size 1024K, 3 young (3072K), 3 survivors (3072K)
 Metaspace       used 89489K, committed 90368K, reserved 1179648K
  class space    used 13472K, committed 13824K, reserved 1048576K
}

Dll operation events (11 events):
Event: 0.020 Loaded shared library C:\Program Files\Java\jdk-23\bin\java.dll
Event: 0.649 Loaded shared library C:\Program Files\Java\jdk-23\bin\zip.dll
Event: 0.663 Loaded shared library C:\Program Files\Java\jdk-23\bin\instrument.dll
Event: 0.674 Loaded shared library C:\Program Files\Java\jdk-23\bin\net.dll
Event: 0.678 Loaded shared library C:\Program Files\Java\jdk-23\bin\nio.dll
Event: 0.687 Loaded shared library C:\Program Files\Java\jdk-23\bin\zip.dll
Event: 0.825 Loaded shared library C:\Program Files\Java\jdk-23\bin\jimage.dll
Event: 1.452 Loaded shared library C:\Program Files\Java\jdk-23\bin\extnet.dll
Event: 1.568 Loaded shared library C:\Program Files\Java\jdk-23\bin\management.dll
Event: 1.597 Loaded shared library C:\Program Files\Java\jdk-23\bin\management_ext.dll
Event: 6.455 Loaded shared library C:\Program Files\Java\jdk-23\bin\sunmscapi.dll

Deoptimization events (0 events):
No events

Classes loaded (20 events):
Event: 18.537 Loading class java/util/Comparators$NullComparator
Event: 18.537 Loading class java/util/Comparators$NullComparator done
Event: 18.659 Loading class java/util/regex/Pattern$Neg
Event: 18.659 Loading class java/util/regex/Pattern$Neg done
Event: 18.665 Loading class java/util/regex/Pattern$Bound
Event: 18.666 Loading class java/util/regex/Pattern$Bound done
Event: 18.667 Loading class java/util/regex/Pattern$LookBehindEndNode
Event: 18.668 Loading class java/util/regex/Pattern$LookBehindEndNode done
Event: 18.668 Loading class java/util/regex/Pattern$NotBehind
Event: 18.668 Loading class java/util/regex/Pattern$NotBehind done
Event: 18.668 Loading class java/util/regex/Pattern$Behind
Event: 18.669 Loading class java/util/regex/Pattern$Behind done
Event: 20.509 Loading class java/lang/invoke/MethodHandleImpl$CountingWrapper$1
Event: 20.510 Loading class java/lang/invoke/MethodHandleImpl$CountingWrapper$1 done
Event: 20.523 Loading class sun/reflect/ReflectionFactory
Event: 20.524 Loading class sun/reflect/ReflectionFactory done
Event: 20.524 Loading class sun/reflect/ReflectionFactory$1
Event: 20.524 Loading class sun/reflect/ReflectionFactory$1 done
Event: 20.524 Loading class java/io/OptionalDataException
Event: 20.524 Loading class java/io/OptionalDataException done

Classes unloaded (0 events):
No events

Classes redefined (0 events):
No events

Internal exceptions (20 events):
Event: 17.124 Thread 0x0000014d46465f30 Exception <a 'java/lang/NoSuchMethodError'{0x00000000868721d0}: 'void java.lang.invoke.DirectMethodHandle$Holder.invokeSpecial(java.lang.Object, java.lang.Object, java.lang.Object, java.lang.Object, java.lang.Object, java.lang.Object, java.lang.Object, java.lang.Object)'> (0x00000000868721d0) 
thrown [s\open\src\hotspot\share\interpreter\linkResolver.cpp, line 796]
Event: 17.131 Thread 0x0000014d46465f30 Exception <a 'java/lang/IncompatibleClassChangeError'{0x00000000868b6360}: Found class java.lang.Object, but interface was expected> (0x00000000868b6360) 
thrown [s\open\src\hotspot\share\interpreter\linkResolver.cpp, line 863]
Event: 17.164 Thread 0x0000014d46465f30 Exception <a 'java/lang/NoSuchMethodError'{0x000000008b62c038}: 'int java.lang.invoke.DirectMethodHandle$Holder.invokeStatic(java.lang.Object, java.lang.Object, int, java.lang.Object)'> (0x000000008b62c038) 
thrown [s\open\src\hotspot\share\interpreter\linkResolver.cpp, line 796]
Event: 17.164 Thread 0x0000014d46465f30 Exception <a 'java/lang/NoSuchMethodError'{0x000000008b632740}: 'int java.lang.invoke.DirectMethodHandle$Holder.invokeStatic(java.lang.Object, int, java.lang.Object)'> (0x000000008b632740) 
thrown [s\open\src\hotspot\share\interpreter\linkResolver.cpp, line 796]
Event: 17.169 Thread 0x0000014d46465f30 Exception <a 'java/lang/NoSuchMethodError'{0x000000008b685dc0}: 'java.lang.Object java.lang.invoke.Invokers$Holder.linkToTargetMethod(java.lang.Object, java.lang.Object, java.lang.Object, java.lang.Object, java.lang.Object, java.lang.Object, java.lang.Object, java.lang.Object, java.lang.Object, java.lang.Object, java.lang.Object, java.lang.Object)'> (0x000000008b685dc0) 
thrown [s\open\src\hotspot\share\interpreter\linkResolver.cpp, line 796]
Event: 17.199 Thread 0x0000014d46465f30 Exception <a 'java/lang/IncompatibleClassChangeError'{0x000000008b405850}: Found class java.lang.Object, but interface was expected> (0x000000008b405850) 
thrown [s\open\src\hotspot\share\interpreter\linkResolver.cpp, line 863]
Event: 17.211 Thread 0x0000014d46465f30 Exception <a 'java/lang/NoSuchMethodError'{0x000000008b495a28}: 'java.lang.Object java.lang.invoke.DirectMethodHandle$Holder.newInvokeSpecial(java.lang.Object, java.lang.Object, int, java.lang.Object, int, java.lang.Object, java.lang.Object)'> (0x000000008b495a28) 
thrown [s\open\src\hotspot\share\interpreter\linkResolver.cpp, line 796]
Event: 17.473 Thread 0x0000014d46465f30 Exception <a 'java/lang/IncompatibleClassChangeError'{0x00000000868e59f0}: Found class java.lang.Object, but interface was expected> (0x00000000868e59f0) 
thrown [s\open\src\hotspot\share\interpreter\linkResolver.cpp, line 863]
Event: 17.510 Thread 0x0000014d46465f30 Exception <a 'java/lang/IncompatibleClassChangeError'{0x000000008bb81098}: Found class java.lang.Object, but interface was expected> (0x000000008bb81098) 
thrown [s\open\src\hotspot\share\interpreter\linkResolver.cpp, line 863]
Event: 17.692 Thread 0x0000014d46465f30 Exception <a 'java/lang/IncompatibleClassChangeError'{0x0000000086b307d0}: Found class java.lang.Object, but interface was expected> (0x0000000086b307d0) 
thrown [s\open\src\hotspot\share\interpreter\linkResolver.cpp, line 863]
Event: 17.763 Thread 0x0000014d46465f30 Exception <a 'java/io/FileNotFoundException'{0x000000008bb9c288}> (0x000000008bb9c288) 
thrown [s\open\src\hotspot\share\prims\jni.cpp, line 520]
Event: 17.956 Thread 0x0000014d46465f30 Exception <a 'java/lang/NoSuchMethodError'{0x0000000087444658}: 'int java.lang.invoke.Invokers$Holder.invokeExact_MT(java.lang.Object, java.lang.Object, java.lang.Object)'> (0x0000000087444658) 
thrown [s\open\src\hotspot\share\interpreter\linkResolver.cpp, line 796]
Event: 17.967 Thread 0x0000014d46465f30 Exception <a 'java/lang/NoSuchMethodError'{0x000000008749c838}: 'java.lang.Object java.lang.invoke.DirectMethodHandle$Holder.invokeVirtual(java.lang.Object, java.lang.Object, int, int)'> (0x000000008749c838) 
thrown [s\open\src\hotspot\share\interpreter\linkResolver.cpp, line 796]
Event: 17.976 Thread 0x0000014d46465f30 Exception <a 'java/lang/NoSuchMethodError'{0x00000000874be708}: 'void java.lang.invoke.Invokers$Holder.invokeExact_MT(java.lang.Object, java.lang.Object, java.lang.Object)'> (0x00000000874be708) 
thrown [s\open\src\hotspot\share\interpreter\linkResolver.cpp, line 796]
Event: 17.978 Thread 0x0000014d46465f30 Exception <a 'sun/nio/fs/WindowsException'{0x00000000874c5938}> (0x00000000874c5938) 
thrown [s\open\src\hotspot\share\prims\jni.cpp, line 520]
Event: 17.978 Thread 0x0000014d46465f30 Exception <a 'sun/nio/fs/WindowsException'{0x00000000874c66f0}> (0x00000000874c66f0) 
thrown [s\open\src\hotspot\share\prims\jni.cpp, line 520]
Event: 18.003 Thread 0x0000014d46465f30 Exception <a 'java/io/FileNotFoundException'{0x0000000087301be0}> (0x0000000087301be0) 
thrown [s\open\src\hotspot\share\prims\jni.cpp, line 520]
Event: 18.387 Thread 0x0000014d46465f30 Exception <a 'java/lang/NoSuchMethodError'{0x000000008b650978}: 'java.lang.Object java.lang.invoke.DirectMethodHandle$Holder.invokeStaticInit(java.lang.Object, long)'> (0x000000008b650978) 
thrown [s\open\src\hotspot\share\interpreter\linkResolver.cpp, line 796]
Event: 18.670 Thread 0x0000014d46465f30 Exception <a 'java/lang/IncompatibleClassChangeError'{0x0000000086eac4b0}: Found class java.lang.Object, but interface was expected> (0x0000000086eac4b0) 
thrown [s\open\src\hotspot\share\interpreter\linkResolver.cpp, line 863]
Event: 20.504 Thread 0x0000014d46465f30 Exception <a 'java/lang/NoSuchMethodError'{0x000000008b3d63e0}: 'int java.lang.invoke.DirectMethodHandle$Holder.invokeStaticInit(java.lang.Object, int, java.lang.Object, java.lang.Object, java.lang.Object, java.lang.Object)'> (0x000000008b3d63e0) 
thrown [s\open\src\hotspot\share\interpreter\linkResolver.cpp, line 796]

VM Operations (20 events):
Event: 18.336 Executing VM operation: G1CollectForAllocation (G1 Evacuation Pause) done
Event: 19.784 Executing VM operation: G1CollectForAllocation (G1 Evacuation Pause)
Event: 19.789 Executing VM operation: G1CollectForAllocation (G1 Evacuation Pause) done
Event: 19.965 Executing VM operation: HandshakeAllThreads (Deoptimize)
Event: 19.965 Executing VM operation: HandshakeAllThreads (Deoptimize) done
Event: 19.967 Executing VM operation: G1CollectForAllocation (G1 Evacuation Pause)
Event: 19.971 Executing VM operation: G1CollectForAllocation (G1 Evacuation Pause) done
Event: 20.008 Executing VM operation: G1PauseRemark
Event: 20.012 Executing VM operation: G1PauseRemark done
Event: 20.028 Executing VM operation: G1PauseCleanup
Event: 20.028 Executing VM operation: G1PauseCleanup done
Event: 20.135 Executing VM operation: G1CollectForAllocation (G1 Evacuation Pause)
Event: 20.139 Executing VM operation: G1CollectForAllocation (G1 Evacuation Pause) done
Event: 20.421 Executing VM operation: G1CollectForAllocation (G1 Evacuation Pause)
Event: 20.425 Executing VM operation: G1CollectForAllocation (G1 Evacuation Pause) done
Event: 20.500 Executing VM operation: HandshakeAllThreads (Deoptimize)
Event: 20.500 Executing VM operation: HandshakeAllThreads (Deoptimize) done
Event: 20.574 Executing VM operation: G1CollectForAllocation (G1 Evacuation Pause)
Event: 20.578 Executing VM operation: G1CollectForAllocation (G1 Evacuation Pause) done
Event: 20.614 Executing VM operation: G1PauseRemark

Memory protections (0 events):
No events

Nmethod flushes (20 events):
Event: 20.011 Thread 0x0000014d6149dfc0 flushing  nmethod 0x0000014d58ef0188
Event: 20.011 Thread 0x0000014d6149dfc0 flushing  nmethod 0x0000014d58fa0988
Event: 20.011 Thread 0x0000014d6149dfc0 flushing  nmethod 0x0000014d593cc888
Event: 20.011 Thread 0x0000014d6149dfc0 flushing  nmethod 0x0000014d593cd188
Event: 20.011 Thread 0x0000014d6149dfc0 flushing  nmethod 0x0000014d59135e88
Event: 20.011 Thread 0x0000014d6149dfc0 flushing  nmethod 0x0000014d59306508
Event: 20.011 Thread 0x0000014d6149dfc0 flushing  nmethod 0x0000014d59132b08
Event: 20.011 Thread 0x0000014d6149dfc0 flushing  nmethod 0x0000014d591d7c08
Event: 20.011 Thread 0x0000014d6149dfc0 flushing  nmethod 0x0000014d593ca288
Event: 20.011 Thread 0x0000014d6149dfc0 flushing  nmethod 0x0000014d593e5808
Event: 20.617 Thread 0x0000014d6149dfc0 flushing  nmethod 0x0000014d58e94c08
Event: 20.617 Thread 0x0000014d6149dfc0 flushing  nmethod 0x0000014d59493308
Event: 20.617 Thread 0x0000014d6149dfc0 flushing  nmethod 0x0000014d58f7ec88
Event: 20.617 Thread 0x0000014d6149dfc0 flushing  nmethod 0x0000014d5954cb88
Event: 20.617 Thread 0x0000014d6149dfc0 flushing  nmethod 0x0000014d59545008
Event: 20.617 Thread 0x0000014d6149dfc0 flushing  nmethod 0x0000014d58e09408
Event: 20.617 Thread 0x0000014d6149dfc0 flushing  nmethod 0x0000014d58f80888
Event: 20.617 Thread 0x0000014d6149dfc0 flushing  nmethod 0x0000014d59347688
Event: 20.617 Thread 0x0000014d6149dfc0 flushing  nmethod 0x0000014d5953c788
Event: 20.617 Thread 0x0000014d6149dfc0 flushing  nmethod 0x0000014d5953f108

Events (20 events):
Event: 17.377 Thread 0x0000014d462a9130 Thread added: 0x0000014d46995970
Event: 17.381 Thread 0x0000014d46995970 Thread exited: 0x0000014d46995970
Event: 17.773 Thread 0x0000014d46465f30 Thread added: 0x0000014d46995970
Event: 17.779 Thread 0x0000014d46995970 Thread added: 0x0000014d4934b090
Event: 17.787 Thread 0x0000014d46465f30 Thread added: 0x0000014d4934e510
Event: 17.899 Thread 0x0000014d462a9130 Thread added: 0x0000014d4934c440
Event: 17.904 Thread 0x0000014d4934c440 Thread exited: 0x0000014d4934c440
Event: 18.047 Thread 0x0000014d46465f30 Thread added: 0x0000014d4934b720
Event: 18.267 Thread 0x0000014d46465f30 Thread added: 0x0000014d4934c440
Event: 18.407 Thread 0x0000014d462a9130 Thread added: 0x0000014d4934d160
Event: 18.412 Thread 0x0000014d4934d160 Thread exited: 0x0000014d4934d160
Event: 18.914 Thread 0x0000014d462a9130 Thread added: 0x0000014d4934cad0
Event: 19.065 Thread 0x0000014d46994c50 Thread exited: 0x0000014d46994c50
Event: 19.420 Thread 0x0000014d459ae4a0 Thread added: 0x0000014d4934d160
Event: 19.702 Thread 0x0000014d4934cad0 Thread exited: 0x0000014d4934cad0
Event: 19.702 Thread 0x0000014d4934d160 Thread exited: 0x0000014d4934d160
Event: 19.927 Thread 0x0000014d462a9130 Thread added: 0x0000014d4934de80
Event: 19.931 Thread 0x0000014d4934de80 Thread exited: 0x0000014d4934de80
Event: 20.433 Thread 0x0000014d462a9130 Thread added: 0x0000014d4934cad0
Event: 20.438 Thread 0x0000014d4934cad0 Thread exited: 0x0000014d4934cad0


Dynamic libraries:
0x00007ff75b560000 - 0x00007ff75b570000 	C:\Program Files\Java\jdk-23\bin\java.exe
0x00007ffbfd800000 - 0x00007ffbfda67000 	C:\WINDOWS\SYSTEM32\ntdll.dll
0x00007ffbfb8f0000 - 0x00007ffbfb9b9000 	C:\WINDOWS\System32\KERNEL32.DLL
0x00007ffbfa230000 - 0x00007ffbfa627000 	C:\WINDOWS\System32\KERNELBASE.dll
0x00007ffbfb0a0000 - 0x00007ffbfb1eb000 	C:\WINDOWS\System32\ucrtbase.dll
0x00007ffbce7f0000 - 0x00007ffbce80b000 	C:\Program Files\Java\jdk-23\bin\VCRUNTIME140.dll
0x00007ffbce990000 - 0x00007ffbce9a7000 	C:\Program Files\Java\jdk-23\bin\jli.dll
0x00007ffbdedc0000 - 0x00007ffbdf052000 	C:\WINDOWS\WinSxS\amd64_microsoft.windows.common-controls_6595b64144ccf1df_6.0.26100.8457_none_3e0b2faee331e92d\COMCTL32.dll
0x00007ffbfcd60000 - 0x00007ffbfce09000 	C:\WINDOWS\System32\msvcrt.dll
0x00007ffbfc8a0000 - 0x00007ffbfc8cb000 	C:\WINDOWS\System32\GDI32.dll
0x00007ffbfb2a0000 - 0x00007ffbfb2c7000 	C:\WINDOWS\System32\win32u.dll
0x00007ffbfb720000 - 0x00007ffbfb8e6000 	C:\WINDOWS\System32\USER32.dll
0x00007ffbfb2d0000 - 0x00007ffbfb3fc000 	C:\WINDOWS\System32\gdi32full.dll
0x00007ffbfb1f0000 - 0x00007ffbfb293000 	C:\WINDOWS\System32\msvcp_win.dll
0x00007ffbfc5f0000 - 0x00007ffbfc622000 	C:\WINDOWS\System32\IMM32.DLL
0x00007ffbcab00000 - 0x00007ffbcab0c000 	C:\Program Files\Java\jdk-23\bin\vcruntime140_1.dll
0x00007ffbc3d60000 - 0x00007ffbc3dee000 	C:\Program Files\Java\jdk-23\bin\msvcp140.dll
0x00007ffb181f0000 - 0x00007ffb18f40000 	C:\Program Files\Java\jdk-23\bin\server\jvm.dll
0x00007ffbfc4c0000 - 0x00007ffbfc576000 	C:\WINDOWS\System32\ADVAPI32.dll
0x00007ffbfbac0000 - 0x00007ffbfbb67000 	C:\WINDOWS\System32\sechost.dll
0x00007ffbfd600000 - 0x00007ffbfd718000 	C:\WINDOWS\System32\RPCRT4.dll
0x00007ffbfd730000 - 0x00007ffbfd7b0000 	C:\WINDOWS\System32\WS2_32.dll
0x00007ffbf2c10000 - 0x00007ffbf2c46000 	C:\WINDOWS\SYSTEM32\WINMM.dll
0x00007ffbfa090000 - 0x00007ffbfa0ee000 	C:\WINDOWS\SYSTEM32\POWRPROF.dll
0x00007ffbefb20000 - 0x00007ffbefb2b000 	C:\WINDOWS\SYSTEM32\VERSION.dll
0x00007ffbfa070000 - 0x00007ffbfa084000 	C:\WINDOWS\SYSTEM32\UMPDC.dll
0x00007ffbf8fc0000 - 0x00007ffbf8fdb000 	C:\WINDOWS\SYSTEM32\kernel.appcore.dll
0x00007ffbcaaf0000 - 0x00007ffbcaafa000 	C:\Program Files\Java\jdk-23\bin\jimage.dll
0x00007ffbf83c0000 - 0x00007ffbf8602000 	C:\WINDOWS\SYSTEM32\DBGHELP.DLL
0x00007ffbfd110000 - 0x00007ffbfd493000 	C:\WINDOWS\System32\combase.dll
0x00007ffbfce20000 - 0x00007ffbfcef9000 	C:\WINDOWS\System32\OLEAUT32.dll
0x00007ffbf2bd0000 - 0x00007ffbf2c0b000 	C:\WINDOWS\SYSTEM32\dbgcore.DLL
0x00007ffbfa6f0000 - 0x00007ffbfa798000 	C:\WINDOWS\System32\bcryptPrimitives.dll
0x00007ffbc3d30000 - 0x00007ffbc3d3f000 	C:\Program Files\Java\jdk-23\bin\instrument.dll
0x00007ffbc3d40000 - 0x00007ffbc3d5e000 	C:\Program Files\Java\jdk-23\bin\java.dll
0x00007ffbfb580000 - 0x00007ffbfb717000 	C:\WINDOWS\System32\ole32.dll
0x00007ffbfbd30000 - 0x00007ffbfc49e000 	C:\WINDOWS\System32\SHELL32.dll
0x00007ffbfa830000 - 0x00007ffbfb09c000 	C:\WINDOWS\System32\windows.storage.dll
0x00007ffbfb9c0000 - 0x00007ffbfbab6000 	C:\WINDOWS\System32\SHCORE.dll
0x00007ffbfc580000 - 0x00007ffbfc5e6000 	C:\WINDOWS\System32\shlwapi.dll
0x00007ffbfa150000 - 0x00007ffbfa179000 	C:\WINDOWS\SYSTEM32\profapi.dll
0x00007ffbc2460000 - 0x00007ffbc2477000 	C:\Program Files\Java\jdk-23\bin\zip.dll
0x00007ffbc3d20000 - 0x00007ffbc3d30000 	C:\Program Files\Java\jdk-23\bin\net.dll
0x00007ffbf9530000 - 0x00007ffbf959c000 	C:\WINDOWS\system32\mswsock.dll
0x00007ffbc3c50000 - 0x00007ffbc3c66000 	C:\Program Files\Java\jdk-23\bin\nio.dll
0x00007ffbf8b40000 - 0x00007ffbf8c72000 	C:\WINDOWS\SYSTEM32\DNSAPI.dll
0x00007ffbf8a60000 - 0x00007ffbf8a92000 	C:\WINDOWS\SYSTEM32\IPHLPAPI.DLL
0x00007ffbfc4b0000 - 0x00007ffbfc4ba000 	C:\WINDOWS\System32\NSI.dll
0x00007ffbefd10000 - 0x00007ffbefd1b000 	C:\Windows\System32\rasadhlp.dll
0x00007ffbf1b20000 - 0x00007ffbf1ba6000 	C:\WINDOWS\System32\fwpuclnt.dll
0x00007ffbc3d10000 - 0x00007ffbc3d19000 	C:\Program Files\Java\jdk-23\bin\extnet.dll
0x00007ffbc2890000 - 0x00007ffbc289a000 	C:\Program Files\Java\jdk-23\bin\management.dll
0x00007ffbc2450000 - 0x00007ffbc245b000 	C:\Program Files\Java\jdk-23\bin\management_ext.dll
0x00007ffbfc890000 - 0x00007ffbfc898000 	C:\WINDOWS\System32\PSAPI.DLL
0x00007ffbf9810000 - 0x00007ffbf982b000 	C:\WINDOWS\SYSTEM32\CRYPTSP.dll
0x00007ffbf8f20000 - 0x00007ffbf8f59000 	C:\WINDOWS\system32\rsaenh.dll
0x00007ffbf95e0000 - 0x00007ffbf9613000 	C:\WINDOWS\SYSTEM32\USERENV.dll
0x00007ffbfa120000 - 0x00007ffbfa14a000 	C:\WINDOWS\SYSTEM32\bcrypt.dll
0x00007ffbf9830000 - 0x00007ffbf983c000 	C:\WINDOWS\SYSTEM32\CRYPTBASE.dll
0x00007ffbd0bc0000 - 0x00007ffbd0bd8000 	C:\WINDOWS\system32\napinsp.dll
0x00007ffbd0b60000 - 0x00007ffbd0b73000 	C:\WINDOWS\System32\winrnr.dll
0x00007ffbcffc0000 - 0x00007ffbcffe2000 	C:\WINDOWS\system32\nlansp_c.dll
0x00007ffbd00b0000 - 0x00007ffbd00c6000 	C:\WINDOWS\system32\wshbth.dll
0x00007ffbd2a90000 - 0x00007ffbd2ae6000 	C:\WINDOWS\SYSTEM32\pdh.dll
0x00007ffbcb3a0000 - 0x00007ffbcb3b2000 	C:\WINDOWS\System32\perfproc.dll
0x00007ffbcaad0000 - 0x00007ffbcaae1000 	C:\WINDOWS\System32\perfos.dll
0x00007ffbf8680000 - 0x00007ffbf8692000 	C:\WINDOWS\SYSTEM32\pfclient.dll
0x00007ffbbfe30000 - 0x00007ffbbfe3e000 	C:\Program Files\Java\jdk-23\bin\sunmscapi.dll
0x00007ffbfb400000 - 0x00007ffbfb578000 	C:\WINDOWS\System32\CRYPT32.dll
0x00007ffbf9a30000 - 0x00007ffbf9a60000 	C:\WINDOWS\SYSTEM32\ncrypt.dll
0x00007ffbf99e0000 - 0x00007ffbf9a1f000 	C:\WINDOWS\SYSTEM32\NTASN1.dll
0x00007ffbf1970000 - 0x00007ffbf198d000 	C:\WINDOWS\SYSTEM32\dhcpcsvc6.DLL
0x00007ffbf1940000 - 0x00007ffbf1965000 	C:\WINDOWS\SYSTEM32\dhcpcsvc.DLL

dbghelp: loaded successfully - version: 4.0.5 - missing functions: none
symbol engine: initialized successfully - sym options: 0x614 - pdb path: .;C:\Program Files\Java\jdk-23\bin;C:\WINDOWS\SYSTEM32;C:\WINDOWS\WinSxS\amd64_microsoft.windows.common-controls_6595b64144ccf1df_6.0.26100.8457_none_3e0b2faee331e92d;C:\Program Files\Java\jdk-23\bin\server

VM Arguments:
jvm_args: -XX:TieredStopAtLevel=1 -Dspring.output.ansi.enabled=always -Dcom.sun.management.jmxremote -Dspring.jmx.enabled=true -Dspring.liveBeansView.mbeanDomain -Dspring.application.admin.enabled=true -Dmanagement.endpoints.jmx.exposure.include=* -javaagent:C:\Program Files\JetBrains\IntelliJ IDEA 2024.3.4.1\lib\idea_rt.jar=55504 -Dfile.encoding=UTF-8 -Dsun.stdout.encoding=UTF-8 -Dsun.stderr.encoding=UTF-8 
java_command: com.taskflow.taskflow_api.TaskflowApiApplication
java_class_path (initial): C:\Users\DELL\Desktop\Spring boot\taskflow-api\target\classes;C:\Users\DELL\.m2\repository\org\springframework\boot\spring-boot-starter-data-jpa\4.0.6\spring-boot-starter-data-jpa-4.0.6.jar;C:\Users\DELL\.m2\repository\org\springframework\boot\spring-boot-starter\4.0.6\spring-boot-starter-4.0.6.jar;C:\Users\DELL\.m2\repository\org\springframework\boot\spring-boot-starter-logging\4.0.6\spring-boot-starter-logging-4.0.6.jar;C:\Users\DELL\.m2\repository\ch\qos\logback\logback-classic\1.5.32\logback-classic-1.5.32.jar;C:\Users\DELL\.m2\repository\ch\qos\logback\logback-core\1.5.32\logback-core-1.5.32.jar;C:\Users\DELL\.m2\repository\org\apache\logging\log4j\log4j-to-slf4j\2.25.4\log4j-to-slf4j-2.25.4.jar;C:\Users\DELL\.m2\repository\org\apache\logging\log4j\log4j-api\2.25.4\log4j-api-2.25.4.jar;C:\Users\DELL\.m2\repository\org\slf4j\jul-to-slf4j\2.0.17\jul-to-slf4j-2.0.17.jar;C:\Users\DELL\.m2\repository\jakarta\annotation\jakarta.annotation-api\3.0.0\jakarta.annotation-api-3.0.0.jar;C:\Users\DELL\.m2\repository\org\yaml\snakeyaml\2.5\snakeyaml-2.5.jar;C:\Users\DELL\.m2\repository\org\springframework\boot\spring-boot-starter-jdbc\4.0.6\spring-boot-starter-jdbc-4.0.6.jar;C:\Users\DELL\.m2\repository\com\zaxxer\HikariCP\7.0.2\HikariCP-7.0.2.jar;C:\Users\DELL\.m2\repository\org\slf4j\slf4j-api\2.0.17\slf4j-api-2.0.17.jar;C:\Users\DELL\.m2\repository\org\springframework\boot\spring-boot-data-jpa\4.0.6\spring-boot-data-jpa-4.0.6.jar;C:\Users\DELL\.m2\repository\org\springframework\boot\spring-boot-data-commons\4.0.6\spring-boot-data-commons-4.0.6.jar;C:\Users\DELL\.m2\repository\org\springframework\boot\spring-boot-persistence\4.0.6\spring-boot-persistence-4.0.6.jar;C:\Users\DELL\.m2\repository\org\springframework\data\spring-data-commons\4.0.5\spring-data-commons-4.0.5.jar;C:\Users\DELL\.m2\repository\org\springframework\boot\spring-boot-hibernate\4.0.6\spring-boot-hibernate-4.0.6.jar;C:\Users\DELL\.m2\repository\org\springframework\boot\spring-boot-jpa\4.0.6\spring-boot-jpa-4.0.6.jar;C:\Users\DELL\.m2\repository\jakarta\persistence\jakarta.persistence-api\3.2.0\jakarta.persistence-api-3.2.0.jar;C:\Users\DELL\.m2\repository\org\hibernate\orm\hibernate-core\7.2.12.Final\hibernate-core-7.2.12.Final.jar;C:\Users\DELL\.m2\repository\jakarta\transaction\jakarta.transaction-api\2.0.1\jakarta.transaction-api-2.0.1.jar;C:\Users\DELL\.m2\repository\org\hibernate\models\hibernate-models\1.0.1\hibernate-models-1.0.1.jar;C:\Users\DELL\.m2\repository\org\glassfish\jaxb\jaxb-runtime\4.0.6\jaxb-runtime-4.0.6.jar;C:\Users\DELL\.m2\repository\org\glassfish\jaxb\jaxb-core\4.0.6\jaxb-core-4.0.6.jar;C:\Users\DELL\.m2\repository\org\eclipse\angus\angus-activation\2.0.3\angus-activation-2.0.3.jar;C:\Users\DELL\.m2\repository\org\glassfish\jaxb\txw2\4.0.6\txw2-4.0.6.jar;C:\Users\DELL\.m2\repository\com\sun\istack\istack-commons-runtime\4.1.2\istack-commons-runtime-4.1.2.jar;C:\Users\DELL\.m2\repository\jakarta\inject\jakarta.inject-api\2.0.1\jakarta.inject-api-2.0.1.jar;C:\Users\DELL\.m2\repository\org\springframework\spring-orm\7.0.7\spring-orm-7.0.7.jar;C:\Users\DELL\.m2\repository\org\springframework\data\spring-data-jpa\4.0.5\spring-data-jpa-4.0.5.jar;C:\Users\DELL\.m2\repository\org\springframework\spring-tx\7.0.7\spring-tx-7.0.7.jar;C:\Users\DELL\.m2\repository\org\antlr\antlr4-runtime\4.13.2\antlr4-runtime-4.13.2.jar;C:\Users\DELL\.m2\repository\org\springframework\spring-aspects\7.0.7\spring-aspects-7.0.7.jar;C:\Users\DELL\.m2\repository\org\aspectj\aspectjweaver\1.9.25.1\aspectjweaver-1.9.25.1.jar;C:\Users\DELL\.m2\repository\org\springframework\boot\spring-boot-jdbc\4.0.6\spring-boot-jdbc-4.0.6.jar;C:\Users\DELL\.m2\repository\org\springframework\boot\spring-boot-sql\4.0.6\spring-boot-sql-4.0.6.jar;C:\Users\DELL\.m2\repository\org\springframework\boot\spring-boot-transaction\4.0.6\spring-boot-transaction-4.0.6.jar;C:\Users\DELL\.m2\repository\org\springframework\spring-jdbc\7.0.7\spring-jdbc-7.0.7.jar;C:\Users\DELL\.m2\repository\org\springframework\boot\spring-boot-starter-data-redis\4.0.6\spring-boot-starter-data-redis-4.0.6.jar;C:\Users\DELL\.m2\repository\org\springframework\boot\spring-boot-data-redis\4.0.6\spring-boot-data-redis-4.0.6.jar;C:\Users\DELL\.m2\repository\io\lettuce\lettuce-core\6.8.2.RELEASE\lettuce-core-6.8.2.RELEASE.jar;C:\Users\DELL\.m2\repository\redis\clients\authentication\redis-authx-core\0.1.1-beta2\redis-authx-core-0.1.1-beta2.jar;C:\Users\DELL\.m2\repository\io\netty\netty-common\4.2.12.Final\netty-common-4.2.12.Final.jar;C:\Users\DELL\.m2\repository\io\netty\netty-handler\4.2.12.Final\netty-handler-4.2.12.Final.jar;C:\Users\DELL\.m2\repository\io\netty\netty-resolver\4.2.12.Final\netty-resolver-4.2.12.Final.jar;C:\Users\DELL\.m2\repository\io\netty\netty-buffer\4.2.12.Final\netty-buffer-4.2.12.Final.jar;C:\Users\DELL\.m2\repository\io\netty\netty-transport-native-unix-common\4.2.12.Final\netty-transport-native-unix-common-4.2.12.Final.jar;C:\Users\DELL\.m2\repository\io\netty\netty-codec-base\4.2.12.Final\netty-codec-base-4.2.12.Final.jar;C:\Users\DELL\.m2\repository\io\netty\netty-transport\4.2.12.Final\netty-transport-4.2.12.Final.jar;C:\Users\DELL\.m2\repository\io\projectreactor\reactor-core\3.8.5\reactor-core-3.8.5.jar;C:\Users\DELL\.m2\repository\org\reactivestreams\reactive-streams\1.0.4\reactive-streams-1.0.4.jar;C:\Users\DELL\.m2\repository\io\netty\netty-resolver-dns\4.2.12.Final\netty-resolver-dns-4.2.12.Final.jar;C:\Users\DELL\.m2\repository\io\netty\netty-codec-dns\4.2.12.Final\netty-codec-dns-4.2.12.Final.jar;C:\Users\DELL\.m2\repository\org\springframework\data\spring-data-redis\4.0.5\spring-data-redis-4.0.5.jar;C:\Users\DELL\.m2\repository\org\springframework\data\spring-data-keyvalue\4.0.5\spring-data-keyvalue-4.0.5.jar;C:\Users\DELL\.m2\repository\org\springframework\spring-oxm\7.0.7\spring-oxm-7.0.7.jar;C:\Users\DELL\.m2\repository\org\springframework\spring-context-support\7.0.7\spring-context-support-7.0.7.jar;C:\Users\DELL\.m2\repository\org\springframework\boot\spring-boot-netty\4.0.6\spring-boot-netty-4.0.6.jar;C:\Users\DELL\.m2\repository\org\springframework\boot\spring-boot-starter-flyway\4.0.6\spring-boot-starter-flyway-4.0.6.jar;C:\Users\DELL\.m2\repository\org\springframework\boot\spring-boot-flyway\4.0.6\spring-boot-flyway-4.0.6.jar;C:\Users\DELL\.m2\repository\org\springframework\boot\spring-boot-starter-security\4.0.6\spring-boot-starter-security-4.0.6.jar;C:\Users\DELL\.m2\repository\org\springframework\boot\spring-boot-security\4.0.6\spring-boot-security-4.0.6.jar;C:\Users\DELL\.m2\repository\org\springframework\security\spring-security-config\7.0.5\spring-security-config-7.0.5.jar;C:\Users\DELL\.m2\repository\org\springframework\security\spring-security-core\7.0.5\spring-security-core-7.0.5.jar;C:\Users\DELL\.m2\repository\org\springframework\security\spring-security-crypto\7.0.5\spring-security-crypto-7.0.5.jar;C:\Users\DELL\.m2\repository\org\springframework\security\spring-security-web\7.0.5\spring-security-web-7.0.5.jar;C:\Users\DELL\.m2\repository\org\springframework\spring-expression\7.0.7\spring-expression-7.0.7.jar;C:\Users\DELL\.m2\repository\org\springframework\spring-aop\7.0.7\spring-aop-7.0.7.jar;C:\Users\DELL\.m2\repository\org\springframework\spring-beans\7.0.7\spring-beans-7.0.7.jar;C:\Users\DELL\.m2\repository\org\springframework\spring-core\7.0.7\spring-core-7.0.7.jar;C:\Users\DELL\.m2\repository\commons-logging\commons-logging\1.3.6\commons-logging-1.3.6.jar;C:\Users\DELL\.m2\repository\org\jspecify\jspecify\1.0.0\jspecify-1.0.0.jar;C:\Users\DELL\.m2\repository\org\springframework\boot\spring-boot-starter-validation\4.0.6\spring-boot-starter-validation-4.0.6.jar;C:\Users\DELL\.m2\repository\org\springframework\boot\spring-boot-validation\4.0.6\spring-boot-validation-4.0.6.jar;C:\Users\DELL\.m2\repository\org\apache\tomcat\embed\tomcat-embed-el\11.0.21\tomcat-embed-el-11.0.21.jar;C:\Users\DELL\.m2\repository\org\hibernate\validator\hibernate-validator\9.0.1.Final\hibernate-validator-9.0.1.Final.jar;C:\Users\DELL\.m2\repository\jakarta\validation\jakarta.validation-api\3.1.1\jakarta.validation-api-3.1.1.jar;C:\Users\DELL\.m2\repository\org\jboss\logging\jboss-logging\3.6.3.Final\jboss-logging-3.6.3.Final.jar;C:\Users\DELL\.m2\repository\com\fasterxml\classmate\1.7.3\classmate-1.7.3.jar;C:\Users\DELL\.m2\repository\org\springframework\boot\spring-boot-starter-webmvc\4.0.6\spring-boot-starter-webmvc-4.0.6.jar;C:\Users\DELL\.m2\repository\org\springframework\boot\spring-boot-starter-jackson\4.0.6\spring-boot-starter-jackson-4.0.6.jar;C:\Users\DELL\.m2\repository\org\springframework\boot\spring-boot-jackson\4.0.6\spring-boot-jackson-4.0.6.jar;C:\Users\DELL\.m2\repository\tools\jackson\core\jackson-databind\3.1.2\jackson-databind-3.1.2.jar;C:\Users\DELL\.m2\repository\tools\jackson\core\jackson-core\3.1.2\jackson-core-3.1.2.jar;C:\Users\DELL\.m2\repository\org\springframework\boot\spring-boot-starter-tomcat\4.0.6\spring-boot-starter-tomcat-4.0.6.jar;C:\Users\DELL\.m2\repository\org\springframework\boot\spring-boot-starter-tomcat-runtime\4.0.6\spring-boot-starter-tomcat-runtime-4.0.6.jar;C:\Users\DELL\.m2\repository\org\apache\tomcat\embed\tomcat-embed-core\11.0.21\tomcat-embed-core-11.0.21.jar;C:\Users\DELL\.m2\repository\org\apache\tomcat\embed\tomcat-embed-websocket\11.0.21\tomcat-embed-websocket-11.0.21.jar;C:\Users\DELL\.m2\repository\org\springframework\boot\spring-boot-tomcat\4.0.6\spring-boot-tomcat-4.0.6.jar;C:\Users\DELL\.m2\repository\org\springframework\boot\spring-boot-http-converter\4.0.6\spring-boot-http-converter-4.0.6.jar;C:\Users\DELL\.m2\repository\org\springframework\spring-web\7.0.7\spring-web-7.0.7.jar;C:\Users\DELL\.m2\repository\io\micrometer\micrometer-observation\1.16.5\micrometer-observation-1.16.5.jar;C:\Users\DELL\.m2\repository\io\micrometer\micrometer-commons\1.16.5\micrometer-commons-1.16.5.jar;C:\Users\DELL\.m2\repository\org\springframework\boot\spring-boot-webmvc\4.0.6\spring-boot-webmvc-4.0.6.jar;C:\Users\DELL\.m2\repository\org\springframework\boot\spring-boot-servlet\4.0.6\spring-boot-servlet-4.0.6.jar;C:\Users\DELL\.m2\repository\org\springframework\spring-webmvc\7.0.7\spring-webmvc-7.0.7.jar;C:\Users\DELL\.m2\repository\org\springframework\boot\spring-boot-starter-websocket\4.0.6\spring-boot-starter-websocket-4.0.6.jar;C:\Users\DELL\.m2\repository\org\springframework\boot\spring-boot-websocket\4.0.6\spring-boot-websocket-4.0.6.jar;C:\Users\DELL\.m2\repository\org\springframework\spring-messaging\7.0.7\spring-messaging-7.0.7.jar;C:\Users\DELL\.m2\repository\org\springframework\spring-websocket\7.0.7\spring-websocket-7.0.7.jar;C:\Users\DELL\.m2\repository\org\flywaydb\flyway-database-postgresql\11.14.1\flyway-database-postgresql-11.14.1.jar;C:\Users\DELL\.m2\repository\org\flywaydb\flyway-core\11.14.1\flyway-core-11.14.1.jar;C:\Users\DELL\.m2\repository\org\springframework\boot\spring-boot-devtools\4.0.6\spring-boot-devtools-4.0.6.jar;C:\Users\DELL\.m2\repository\org\springframework\boot\spring-boot\4.0.6\spring-boot-4.0.6.jar;C:\Users\DELL\.m2\repository\org\springframework\spring-context\7.0.7\spring-context-7.0.7.jar;C:\Users\DELL\.m2\repository\org\springframework\boot\spring-boot-autoconfigure\4.0.6\spring-boot-autoconfigure-4.0.6.jar;C:\Users\DELL\.m2\repository\org\postgresql\postgresql\42.7.10\postgresql-42.7.10.jar;C:\Users\DELL\.m2\repository\org\checkerframework\checker-qual\3.52.0\checker-qual-3.52.0.jar;C:\Users\DELL\.m2\repository\org\projectlombok\lombok\1.18.46\lombok-1.18.46.jar;C:\Users\DELL\.m2\repository\jakarta\xml\bind\jakarta.xml.bind-api\4.0.4\jakarta.xml.bind-api-4.0.4.jar;C:\Users\DELL\.m2\repository\jakarta\activation\jakarta.activation-api\2.1.4\jakarta.activation-api-2.1.4.jar;C:\Users\DELL\.m2\repository\net\bytebuddy\byte-buddy\1.17.8\byte-buddy-1.17.8.jar;C:\Users\DELL\.m2\repository\org\springframework\boot\spring-boot-web-server\4.0.6\spring-boot-web-server-4.0.6.jar;C:\Users\DELL\.m2\repository\io\jsonwebtoken\jjwt-api\0.12.3\jjwt-api-0.12.3.jar;C:\Users\DELL\.m2\repository\io\jsonwebtoken\jjwt-impl\0.12.6\jjwt-impl-0.12.6.jar;C:\Users\DELL\.m2\repository\io\jsonwebtoken\jjwt-jackson\0.12.3\jjwt-jackson-0.12.3.jar;C:\Users\DELL\.m2\repository\com\fasterxml\jackson\core\jackson-databind\2.21.2\jackson-databind-2.21.2.jar;C:\Users\DELL\.m2\repository\com\fasterxml\jackson\core\jackson-annotations\2.21\jackson-annotations-2.21.jar;C:\Users\DELL\.m2\repository\com\fasterxml\jackson\core\jackson-core\2.21.2\jackson-core-2.21.2.jar
Launcher Type: SUN_STANDARD

[Global flags]
     intx CICompilerCount                          = 4                                         {product} {ergonomic}
     uint ConcGCThreads                            = 2                                         {product} {ergonomic}
     uint G1ConcRefinementThreads                  = 8                                         {product} {ergonomic}
   size_t G1HeapRegionSize                         = 1048576                                   {product} {ergonomic}
   size_t InitialHeapSize                          = 130023424                                 {product} {ergonomic}
     bool ManagementServer                         = true                                      {product} {command line}
   size_t MarkStackSize                            = 4194304                                   {product} {ergonomic}
   size_t MarkStackSizeMax                         = 536870912                                 {product} {ergonomic}
   size_t MaxHeapSize                              = 2080374784                                {product} {ergonomic}
   size_t MaxNewSize                               = 1247805440                                {product} {ergonomic}
   size_t MinHeapDeltaBytes                        = 1048576                                   {product} {ergonomic}
   size_t MinHeapSize                              = 8388608                                   {product} {ergonomic}
    uintx NonNMethodCodeHeapSize                   = 4096                                   {pd product} {ergonomic}
    uintx NonProfiledCodeHeapSize                  = 0                                      {pd product} {ergonomic}
     bool ProfileInterpreter                       = false                                  {pd product} {command line}
    uintx ProfiledCodeHeapSize                     = 0                                      {pd product} {ergonomic}
   size_t SoftMaxHeapSize                          = 2080374784                             {manageable} {ergonomic}
     intx TieredStopAtLevel                        = 1                                         {product} {command line}
     bool UseCompressedOops                        = true                           {product lp64_product} {ergonomic}
     bool UseG1GC                                  = true                                      {product} {ergonomic}
     bool UseLargePagesIndividualAllocation        = false                                  {pd product} {ergonomic}

Logging:
Log output configuration:
 #0: stdout all=warning uptime,level,tags foldmultilines=false
 #1: stderr all=off uptime,level,tags foldmultilines=false

Environment Variables:
PATH=C:\app\DELL\product\21c\dbhomeXE\bin;C:\Program Files (x86)\NVIDIA Corporation\PhysX\Common;C:\Program Files\Java\jdk-23\bin;C:\Program Files\Common Files\Oracle\Java\javapath;C:\WINDOWS\system32;C:\WINDOWS;C:\WINDOWS\System32\Wbem;C:\WINDOWS\System32\WindowsPowerShell\v1.0\;C:\WINDOWS\System32\OpenSSH\;C:\Program Files\dotnet\;C:\Program Files\Git\cmd;C:\Program Files (x86)\Windows Kits\10\Windows Performance Toolkit\;C:\Program Files\Microsoft SQL Server\150\Tools\Binn\;C:\Program Files\Microsoft SQL Server\Client SDK\ODBC\170\Tools\Binn\;C:\Program Files (x86)\Microsoft SQL Server\160\Tools\Binn\;C:\Program Files\Microsoft SQL Server\160\Tools\Binn\;C:\Program Files\Microsoft SQL Server\160\DTS\Binn\;C:\Program Files (x86)\Microsoft SQL Server\160\DTS\Binn\;C:\Users\DELL\AppData\Local\nvm;C:\nvm4w\nodejs;C:\Program Files\Docker\Docker\resources\bin;C:\Program Files\Amazon\AWSCLIV2\;C:\Users\DELL\AppData\Local\Programs\Python\Python313\Scripts\;C:\Users\DELL\AppData\Local\Programs\Python\Python313\;C:\Users\DELL\AppData\Local\Programs\Python\Python311;C:\Users\DELL\AppData\Local\Programs\Python\Python311\Scripts;C:\Program Files\heroku\bin;C:\Users\DELL\AppData\Local\Microsoft\WindowsApps;C:\Program Files\JetBrains\PyCharm Community Edition 2023.1.4\bin;;C:\Users\DELL\AppData\Local\GitHubDesktop\bin;C:\Program Files\JetBrains\IntelliJ IDEA Community Edition 2024.1.4\bin;;C:\Users\DELL\AppData\Roaming\npm;C:\Users\DELL\.dotnet\tools;C:\Program Files\JetBrains\IntelliJ IDEA 2024.3.4.1\bin;;C:\Program Files\JetBrains\PyCharm 2025.2.4\bin;C:\Users\DELL\AppData\Local\nvm;C:\nvm4w\nodejs;C:\Users\DELL\AppData\Local\Programs\Microsoft VS Code\bin
USERNAME=DELL
OS=Windows_NT
PROCESSOR_IDENTIFIER=Intel64 Family 6 Model 140 Stepping 1, GenuineIntel
TMP=C:\Users\DELL\AppData\Local\Temp
TEMP=C:\Users\DELL\AppData\Local\Temp




Periodic native trim disabled

---------------  S Y S T E M  ---------------

OS:
 Windows 11 , 64 bit Build 26100 (10.0.26100.8328)
OS uptime: 5 days 9:25 hours
Hyper-V role detected

CPU: total 8 (initial active 8) (4 cores per cpu, 2 threads per core) family 6 model 140 stepping 1 microcode 0xbc, cx8, cmov, fxsr, ht, mmx, 3dnowpref, sse, sse2, sse3, ssse3, sse4.1, sse4.2, popcnt, lzcnt, tsc, tscinvbit, avx, avx2, aes, erms, clmul, bmi1, bmi2, adx, avx512f, avx512dq, avx512cd, avx512bw, avx512vl, sha, fma, vzeroupper, avx512_vpopcntdq, avx512_vpclmulqdq, avx512_vaes, avx512_vnni, clflush, clflushopt, clwb, avx512_vbmi2, avx512_vbmi, hv, rdtscp, rdpid, fsrm, gfni, avx512_bitalg, f16c, cet_ibt, cet_ss, avx512_ifma
Processor Information for the first 8 processors :
  Max Mhz: 2611, Current Mhz: 2611, Mhz Limit: 2611

Memory: 4k page, system-wide physical 7930M (520M free)
TotalPageFile size 32506M (AvailPageFile size 9M)
current process WorkingSet (physical memory assigned to process): 249M, peak: 249M
current process commit charge ("private bytes"): 309M, peak: 314M

vm_info: Java HotSpot(TM) 64-Bit Server VM (23.0.2+7-58) for windows-amd64 JRE (23.0.2+7-58), built on 2024-11-29T09:34:55Z with MS VC++ 17.6 (VS2022)

END.
